[2020-06-22 11:39:01,615] - logger.py] - INFO: ####################################################################################################开始测试####################################################################################################
[2020-06-22 11:39:01,616] - logger.py] - INFO: 用例名字：传入正确ck和提款金额为空
[2020-06-22 11:39:01,617] - logger.py] - INFO: 请求接口地址：http://10.0.0.223:8001/api/draw_money/draw_money
[2020-06-22 11:39:01,617] - logger.py] - INFO: 请求参数：{'money': '', 'ck': 'MTI4MDU0ZTlhNTIzNzFmOGM1MTljMDViYzA2YmZhMDQ1MjJlMw=='}
[2020-06-22 11:39:01,618] - logger.py] - INFO: --------------------------------------------------------------------------------------------------------------------------------------------------------------------------------------------------------
[2020-06-22 11:39:01,618] - logger.py] - INFO: 期望结果：{'status': '99', 'message': 'System is overloaded, please take a break and retry later'}
[2020-06-22 11:39:01,619] - logger.py] - INFO: 实际结果：{'status': '99', 'message': 'System is overloaded, please take a break and retry later', 'data': {}}
[2020-06-22 11:39:01,619] - logger.py] - INFO: ####################################################################################################测试结束####################################################################################################
[2020-06-22 11:39:01,712] - logger.py] - INFO: ####################################################################################################开始测试####################################################################################################
[2020-06-22 11:39:01,713] - logger.py] - INFO: 用例名字：传入正确ck和提款金额，提款成功
[2020-06-22 11:39:01,714] - logger.py] - INFO: 请求接口地址：http://10.0.0.223:8001/api/draw_money/draw_money
[2020-06-22 11:39:01,715] - logger.py] - INFO: 请求参数：{'money': '0.4', 'ck': 'MTI4MDU0ZTlhNTIzNzFmOGM1MTljMDViYzA2YmZhMDQ1MjJlMw=='}
[2020-06-22 11:39:01,716] - logger.py] - INFO: --------------------------------------------------------------------------------------------------------------------------------------------------------------------------------------------------------
[2020-06-22 11:39:01,717] - logger.py] - INFO: 期望结果：{'status': '100', 'message': 'ok'}
[2020-06-22 11:39:01,718] - logger.py] - INFO: 实际结果：{'status': '100', 'message': 'ok', 'data': {'status': '1', 'msg': '发起提现成功，我们将在5个工作日内进行审核，审核通过会将奖励派送至您微信零钱中。'}}
[2020-06-22 11:39:01,719] - logger.py] - INFO: ####################################################################################################测试结束####################################################################################################
[2020-06-22 11:39:01,738] - logger.py] - INFO: ####################################################################################################开始测试####################################################################################################
[2020-06-22 11:39:01,739] - logger.py] - INFO: 用例名字：传入不存在的ck和提款金额
[2020-06-22 11:39:01,740] - logger.py] - INFO: 请求接口地址：http://10.0.0.223:8001/api/draw_money/draw_money
[2020-06-22 11:39:01,741] - logger.py] - INFO: 请求参数：{'money': '0.4', 'ck': 'MTI4MDU0ZTlhNTIzNzFmOGM1MTljMDViYzA2YmZhMDQ1MjJlMw'}
[2020-06-22 11:39:01,742] - logger.py] - INFO: --------------------------------------------------------------------------------------------------------------------------------------------------------------------------------------------------------
[2020-06-22 11:39:01,743] - logger.py] - INFO: 期望结果：{'status': '102', 'message': '请登录'}
[2020-06-22 11:39:01,744] - logger.py] - INFO: 实际结果：{'status': '102', 'message': '请登录', 'data': {}}
[2020-06-22 11:39:01,745] - logger.py] - INFO: ####################################################################################################测试结束####################################################################################################
[2020-06-22 11:39:01,758] - logger.py] - INFO: ####################################################################################################开始测试####################################################################################################
[2020-06-22 11:39:01,759] - logger.py] - INFO: 用例名字：传入ck为空和提款金额
[2020-06-22 11:39:01,759] - logger.py] - INFO: 请求接口地址：http://10.0.0.223:8001/api/draw_money/draw_money
[2020-06-22 11:39:01,760] - logger.py] - INFO: 请求参数：{'money': '0.4', 'ck': ''}
[2020-06-22 11:39:01,760] - logger.py] - INFO: --------------------------------------------------------------------------------------------------------------------------------------------------------------------------------------------------------
[2020-06-22 11:39:01,761] - logger.py] - INFO: 期望结果：{'status': '102', 'message': '请登录'}
[2020-06-22 11:39:01,761] - logger.py] - INFO: 实际结果：{'status': '102', 'message': '请登录', 'data': {}}
[2020-06-22 11:39:01,762] - logger.py] - INFO: ####################################################################################################测试结束####################################################################################################
[2020-06-22 16:46:30,539] - logger.py] - INFO: ####################################################################################################开始测试####################################################################################################
[2020-06-22 16:46:30,551] - logger.py] - INFO: 用例名字：传入正确ck
[2020-06-22 16:46:30,551] - logger.py] - INFO: 请求接口地址：http://10.0.0.223:8001/api/draw_money/record
[2020-06-22 16:46:30,552] - logger.py] - INFO: 请求参数：{'ck': 'MTI4MDU0ZTlhNTIzNzFmOGM1MTljMDViYzA2YmZhMDQ1MjJlMw=='}
[2020-06-22 16:46:30,553] - logger.py] - INFO: --------------------------------------------------------------------------------------------------------------------------------------------------------------------------------------------------------
[2020-06-22 16:46:30,553] - logger.py] - INFO: 期望结果：{'message': 'ok', 'status': '100'}
[2020-06-22 16:46:30,554] - logger.py] - INFO: 实际结果：{'data': {'record_list': [{'redot': '0', 'draw_time': '2020-06-22 11:37:31', 'pay_time': None, 'id': '10104', 'msg': '发起提现成功，我们将在5个工作日内进行审核，审核通过会将奖励派送至您微信零钱中。', 'channel': 'wechat', 'money': '0.4', 'status': '1'}, {'redot': '0', 'draw_time': '2020-06-18 18:32:42', 'pay_time': None, 'id': '10103', 'msg': '发起提现成功，我们将在5个工作日内进行审核，审核通过会将奖励派送至您微信零钱中。', 'channel': 'wechat', 'money': '0.4', 'status': '1'}, {'redot': '0', 'draw_time': '2020-06-18 18:27:19', 'pay_time': None, 'id': '10102', 'msg': '发起提现成功，我们将在5个工作日内进行审核，审核通过会将奖励派送至您微信零钱中。', 'channel': 'wechat', 'money': '0.4', 'status': '1'}, {'redot': '0', 'draw_time': '2020-06-18 18:15:29', 'pay_time': None, 'id': '10101', 'msg': '发起提现成功，我们将在5个工作日内进行审核，审核通过会将奖励派送至您微信零钱中。', 'channel': 'wechat', 'money': '0.4', 'status': '1'}, {'redot': '0', 'draw_time': '2020-06-18 18:15:20', 'pay_time': None, 'id': '10100', 'msg': '发起提现成功，我们将在5个工作日内进行审核，审核通过会将奖励派送至您微信零钱中。', 'channel': 'wechat', 'money': '100.0', 'status': '1'}, {'redot': '0', 'draw_time': '2020-06-18 17:54:09', 'pay_time': None, 'id': '10099', 'msg': '发起提现成功，我们将在5个工作日内进行审核，审核通过会将奖励派送至您微信零钱中。', 'channel': 'wechat', 'money': '0.4', 'status': '1'}, {'redot': '0', 'draw_time': '2020-06-18 16:31:10', 'pay_time': None, 'id': '10098', 'msg': '发起提现成功，我们将在5个工作日内进行审核，审核通过会将奖励派送至您微信零钱中。', 'channel': 'wechat', 'money': '50.0', 'status': '1'}, {'redot': '0', 'draw_time': '2020-06-09 17:46:44', 'pay_time': None, 'id': '10076', 'msg': '您的微信未进行实名认证，为保证您的账号安全，您的账号已冻结,如需恢复，请联系我们客服：coin_qiujn@outlook.com', 'channel': 'wechat', 'money': '0.3', 'status': '-3'}]}, 'message': 'ok', 'status': '100'}
[2020-06-22 16:46:30,554] - logger.py] - INFO: ####################################################################################################测试结束####################################################################################################
[2020-06-22 16:46:30,572] - logger.py] - INFO: ####################################################################################################开始测试####################################################################################################
[2020-06-22 16:46:30,572] - logger.py] - INFO: 用例名字：传入不存在的ck
[2020-06-22 16:46:30,573] - logger.py] - INFO: 请求接口地址：http://10.0.0.223:8001/api/draw_money/record
[2020-06-22 16:46:30,573] - logger.py] - INFO: 请求参数：{'ck': 'MTI4MDU0ZTlhNTIzNzFmOGM1MTljMDViYzA2YmZhMDQ1MjJlMw'}
[2020-06-22 16:46:30,574] - logger.py] - INFO: --------------------------------------------------------------------------------------------------------------------------------------------------------------------------------------------------------
[2020-06-22 16:46:30,574] - logger.py] - INFO: 期望结果：{'message': '请登录', 'status': '102'}
[2020-06-22 16:46:30,575] - logger.py] - INFO: 实际结果：{'data': {}, 'message': '请登录', 'status': '102'}
[2020-06-22 16:46:30,575] - logger.py] - INFO: ####################################################################################################测试结束####################################################################################################
[2020-06-22 16:46:30,590] - logger.py] - INFO: ####################################################################################################开始测试####################################################################################################
[2020-06-22 16:46:30,591] - logger.py] - INFO: 用例名字：传入ck为空
[2020-06-22 16:46:30,591] - logger.py] - INFO: 请求接口地址：http://10.0.0.223:8001/api/draw_money/record
[2020-06-22 16:46:30,592] - logger.py] - INFO: 请求参数：{'ck': ''}
[2020-06-22 16:46:30,592] - logger.py] - INFO: --------------------------------------------------------------------------------------------------------------------------------------------------------------------------------------------------------
[2020-06-22 16:46:30,593] - logger.py] - INFO: 期望结果：{'message': '请登录', 'status': '102'}
[2020-06-22 16:46:30,593] - logger.py] - INFO: 实际结果：{'data': {}, 'message': '请登录', 'status': '102'}
[2020-06-22 16:46:30,594] - logger.py] - INFO: ####################################################################################################测试结束####################################################################################################
[2020-06-22 17:46:33,228] - logger.py] - INFO: ####################################################################################################开始测试####################################################################################################
[2020-06-22 17:46:33,229] - logger.py] - INFO: 用例名字：传入正确ck
[2020-06-22 17:46:33,230] - logger.py] - INFO: 请求接口地址：http://10.0.0.223:8001/api/scratchcard/home
[2020-06-22 17:46:33,230] - logger.py] - INFO: 请求参数：{'ck': 'MTI4MDU0ZTlhNTIzNzFmOGM1MTljMDViYzA2YmZhMDQ1MjJlMw=='}
[2020-06-22 17:46:33,231] - logger.py] - INFO: --------------------------------------------------------------------------------------------------------------------------------------------------------------------------------------------------------
[2020-06-22 17:46:33,231] - logger.py] - INFO: 期望结果：{'status': '100', 'message': 'ok'}
[2020-06-22 17:46:33,232] - logger.py] - INFO: 实际结果：{'status': '100', 'data': {'power_task': {'limit': '2000', 'power': '400'}, 'cards': [{'cardid': '10001', 'cover_url': '', 'price': '8', 'play_type': 'scratch_card', 'reward_max': '100'}, {'cardid': '10002', 'cover_url': '', 'price': '16', 'play_type': 'scratch_card', 'reward_max': '500'}], 'rewards': []}, 'message': 'ok'}
[2020-06-22 17:46:33,232] - logger.py] - INFO: ####################################################################################################测试结束####################################################################################################
[2020-06-22 17:46:33,247] - logger.py] - INFO: ####################################################################################################开始测试####################################################################################################
[2020-06-22 17:46:33,248] - logger.py] - INFO: 用例名字：传入不存在的ck
[2020-06-22 17:46:33,248] - logger.py] - INFO: 请求接口地址：http://10.0.0.223:8001/api/scratchcard/home
[2020-06-22 17:46:33,249] - logger.py] - INFO: 请求参数：{'ck': 'MTI4MDU0ZTlhNTIzNzFmOGM1MTljMDViYzA2YmZhMDQ1MjJlMw'}
[2020-06-22 17:46:33,250] - logger.py] - INFO: --------------------------------------------------------------------------------------------------------------------------------------------------------------------------------------------------------
[2020-06-22 17:46:33,250] - logger.py] - INFO: 期望结果：{'status': '102', 'message': '请登录'}
[2020-06-22 17:46:33,251] - logger.py] - INFO: 实际结果：{'status': '102', 'data': {}, 'message': '请登录'}
[2020-06-22 17:46:33,251] - logger.py] - INFO: ####################################################################################################测试结束####################################################################################################
[2020-06-22 17:46:33,265] - logger.py] - INFO: ####################################################################################################开始测试####################################################################################################
[2020-06-22 17:46:33,265] - logger.py] - INFO: 用例名字：传入ck为空
[2020-06-22 17:46:33,266] - logger.py] - INFO: 请求接口地址：http://10.0.0.223:8001/api/scratchcard/home
[2020-06-22 17:46:33,267] - logger.py] - INFO: 请求参数：{'ck': ''}
[2020-06-22 17:46:33,267] - logger.py] - INFO: --------------------------------------------------------------------------------------------------------------------------------------------------------------------------------------------------------
[2020-06-22 17:46:33,268] - logger.py] - INFO: 期望结果：{'status': '102', 'message': '请登录'}
[2020-06-22 17:46:33,268] - logger.py] - INFO: 实际结果：{'status': '102', 'data': {}, 'message': '请登录'}
[2020-06-22 17:46:33,269] - logger.py] - INFO: ####################################################################################################测试结束####################################################################################################
[2020-06-22 18:05:22,020] - logger.py] - INFO: ####################################################################################################开始测试####################################################################################################
[2020-06-22 18:05:22,022] - logger.py] - INFO: 用例名字：传入正确ck和16体力卡
[2020-06-22 18:05:22,024] - logger.py] - INFO: 请求接口地址：http://10.0.0.223:8001/api/scratchcard/generate
[2020-06-22 18:05:22,026] - logger.py] - INFO: 请求参数：{'ck': 'MTI4MDU0ZTlhNTIzNzFmOGM1MTljMDViYzA2YmZhMDQ1MjJlMw==', 'cardid': '10002'}
[2020-06-22 18:05:22,027] - logger.py] - INFO: --------------------------------------------------------------------------------------------------------------------------------------------------------------------------------------------------------
[2020-06-22 18:05:22,029] - logger.py] - INFO: 期望结果：{'status': '100', 'message': 'ok'}
[2020-06-22 18:05:22,030] - logger.py] - INFO: 实际结果：{'data': {'power': '10', 'card': {'gold': '800', 'cash': '0', 'cardno': '2816462', 'cardid': '10002'}, 'power_task': {'power': '440', 'limit': '2000'}}, 'message': 'ok', 'status': '100'}
[2020-06-22 18:05:22,032] - logger.py] - INFO: ####################################################################################################测试结束####################################################################################################
[2020-06-22 18:05:22,054] - logger.py] - INFO: ####################################################################################################开始测试####################################################################################################
[2020-06-22 18:05:22,055] - logger.py] - INFO: 用例名字：传入不存在的ck
[2020-06-22 18:05:22,056] - logger.py] - INFO: 请求接口地址：http://10.0.0.223:8001/api/scratchcard/generate
[2020-06-22 18:05:22,057] - logger.py] - INFO: 请求参数：{'ck': 'MTI4MDU0ZTlhNTIzNzFmOGM1MTljMDViYzA2YmZhMDQ1MjJlMw', 'cardid': '10001'}
[2020-06-22 18:05:22,058] - logger.py] - INFO: --------------------------------------------------------------------------------------------------------------------------------------------------------------------------------------------------------
[2020-06-22 18:05:22,058] - logger.py] - INFO: 期望结果：{'status': '102', 'message': '请登录'}
[2020-06-22 18:05:22,059] - logger.py] - INFO: 实际结果：{'data': {}, 'message': '请登录', 'status': '102'}
[2020-06-22 18:05:22,060] - logger.py] - INFO: ####################################################################################################测试结束####################################################################################################
[2020-06-22 18:05:22,093] - logger.py] - INFO: ####################################################################################################开始测试####################################################################################################
[2020-06-22 18:05:22,094] - logger.py] - INFO: 用例名字：传入正确ck和卡号id为空
[2020-06-22 18:05:22,095] - logger.py] - INFO: 请求接口地址：http://10.0.0.223:8001/api/scratchcard/generate
[2020-06-22 18:05:22,095] - logger.py] - INFO: 请求参数：{'ck': 'MTI4MDU0ZTlhNTIzNzFmOGM1MTljMDViYzA2YmZhMDQ1MjJlMw==', 'cardid': ''}
[2020-06-22 18:05:22,096] - logger.py] - INFO: --------------------------------------------------------------------------------------------------------------------------------------------------------------------------------------------------------
[2020-06-22 18:05:22,097] - logger.py] - INFO: 期望结果：{'status': '99', 'message': 'System is overloaded, please take a break and retry later'}
[2020-06-22 18:05:22,098] - logger.py] - INFO: 实际结果：{'data': {}, 'message': 'System is overloaded, please take a break and retry later', 'status': '99'}
[2020-06-22 18:05:22,098] - logger.py] - INFO: ####################################################################################################测试结束####################################################################################################
[2020-06-22 18:05:22,171] - logger.py] - INFO: ####################################################################################################开始测试####################################################################################################
[2020-06-22 18:05:22,171] - logger.py] - INFO: 用例名字：传入正确ck和8体力卡
[2020-06-22 18:05:22,173] - logger.py] - INFO: 请求接口地址：http://10.0.0.223:8001/api/scratchcard/generate
[2020-06-22 18:05:22,174] - logger.py] - INFO: 请求参数：{'ck': 'MTI4MDU0ZTlhNTIzNzFmOGM1MTljMDViYzA2YmZhMDQ1MjJlMw==', 'cardid': '10001'}
[2020-06-22 18:05:22,175] - logger.py] - INFO: --------------------------------------------------------------------------------------------------------------------------------------------------------------------------------------------------------
[2020-06-22 18:05:22,176] - logger.py] - INFO: 期望结果：{'status': '100', 'message': 'ok'}
[2020-06-22 18:05:22,178] - logger.py] - INFO: 实际结果：{'data': {'power': '2', 'card': {'gold': '400', 'cash': '0', 'cardno': '2816463', 'cardid': '10001'}, 'power_task': {'power': '448', 'limit': '2000'}}, 'message': 'ok', 'status': '100'}
[2020-06-22 18:05:22,179] - logger.py] - INFO: ####################################################################################################测试结束####################################################################################################
[2020-06-22 18:05:22,202] - logger.py] - INFO: ####################################################################################################开始测试####################################################################################################
[2020-06-22 18:05:22,203] - logger.py] - INFO: 用例名字：传入ck为空
[2020-06-22 18:05:22,204] - logger.py] - INFO: 请求接口地址：http://10.0.0.223:8001/api/scratchcard/generate
[2020-06-22 18:05:22,204] - logger.py] - INFO: 请求参数：{'ck': '', 'cardid': '10001'}
[2020-06-22 18:05:22,205] - logger.py] - INFO: --------------------------------------------------------------------------------------------------------------------------------------------------------------------------------------------------------
[2020-06-22 18:05:22,206] - logger.py] - INFO: 期望结果：{'status': '102', 'message': '请登录'}
[2020-06-22 18:05:22,206] - logger.py] - INFO: 实际结果：{'data': {}, 'message': '请登录', 'status': '102'}
[2020-06-22 18:05:22,207] - logger.py] - INFO: ####################################################################################################测试结束####################################################################################################
[2020-06-22 18:12:22,772] - logger.py] - INFO: ####################################################################################################开始测试####################################################################################################
[2020-06-22 18:12:22,772] - logger.py] - INFO: 用例名字：传入不存在的ck
[2020-06-22 18:12:22,773] - logger.py] - INFO: 请求接口地址：http://10.0.0.223:8001/api/scratchcard/open/batch
[2020-06-22 18:12:22,773] - logger.py] - INFO: 请求参数：{'ck': 'MTI4MDU0ZTlhNTIzNzFmOGM1MTljMDViYzA2YmZhMDQ1MjJlMw'}
[2020-06-22 18:12:22,774] - logger.py] - INFO: --------------------------------------------------------------------------------------------------------------------------------------------------------------------------------------------------------
[2020-06-22 18:12:22,775] - logger.py] - INFO: 期望结果：{'status': '102', 'message': '请登录'}
[2020-06-22 18:12:22,775] - logger.py] - INFO: 实际结果：{'data': {}, 'status': '102', 'message': '请登录'}
[2020-06-22 18:12:22,775] - logger.py] - INFO: ####################################################################################################测试结束####################################################################################################
[2020-06-22 18:12:22,801] - logger.py] - INFO: ####################################################################################################开始测试####################################################################################################
[2020-06-22 18:12:22,802] - logger.py] - INFO: 用例名字：传入正确ck
[2020-06-22 18:12:22,802] - logger.py] - INFO: 请求接口地址：http://10.0.0.223:8001/api/scratchcard/open/batch
[2020-06-22 18:12:22,803] - logger.py] - INFO: 请求参数：{'ck': 'MTI4MDU0ZTlhNTIzNzFmOGM1MTljMDViYzA2YmZhMDQ1MjJlMw=='}
[2020-06-22 18:12:22,804] - logger.py] - INFO: --------------------------------------------------------------------------------------------------------------------------------------------------------------------------------------------------------
[2020-06-22 18:12:22,804] - logger.py] - INFO: 期望结果：{'status': '100', 'message': 'ok'}
[2020-06-22 18:12:22,805] - logger.py] - INFO: 实际结果：{'data': {'gold': '0', 'cash': '0'}, 'status': '100', 'message': 'ok'}
[2020-06-22 18:12:22,805] - logger.py] - INFO: ####################################################################################################测试结束####################################################################################################
[2020-06-22 18:12:22,824] - logger.py] - INFO: ####################################################################################################开始测试####################################################################################################
[2020-06-22 18:12:22,825] - logger.py] - INFO: 用例名字：传入ck为空
[2020-06-22 18:12:22,825] - logger.py] - INFO: 请求接口地址：http://10.0.0.223:8001/api/scratchcard/open/batch
[2020-06-22 18:12:22,826] - logger.py] - INFO: 请求参数：{'ck': ''}
[2020-06-22 18:12:22,826] - logger.py] - INFO: --------------------------------------------------------------------------------------------------------------------------------------------------------------------------------------------------------
[2020-06-22 18:12:22,827] - logger.py] - INFO: 期望结果：{'status': '102', 'message': '请登录'}
[2020-06-22 18:12:22,827] - logger.py] - INFO: 实际结果：{'data': {}, 'status': '102', 'message': '请登录'}
[2020-06-22 18:12:22,828] - logger.py] - INFO: ####################################################################################################测试结束####################################################################################################
