[2020-03-27 17:10:38,101] - logger.py] - INFO: ####################################################################################################开始测试####################################################################################################
[2020-03-27 17:10:38,103] - logger.py] - INFO: 用例名字：正常登录
[2020-03-27 17:10:38,104] - logger.py] - INFO: 请求接口地址：http://10.0.0.223:8001/platform/login/guest
[2020-03-27 17:10:38,107] - logger.py] - INFO: 请求参数：{'deviceid': '863254629922021'}
[2020-03-27 17:10:38,110] - logger.py] - INFO: --------------------------------------------------------------------------------------------------------------------------------------------------------------------------------------------------------
[2020-03-27 17:10:38,111] - logger.py] - INFO: 期望结果：{'status': 100, 'msg': 'ok', 'success': True}
[2020-03-27 17:10:38,113] - logger.py] - INFO: 实际结果：{"status":"96","message":"bad or lack parameter","data":{}}
[2020-03-27 17:10:38,114] - logger.py] - INFO: ####################################################################################################测试结束####################################################################################################
[2020-03-27 18:47:53,476] - logger.py] - INFO: ####################################################################################################开始测试####################################################################################################
[2020-03-27 18:47:53,506] - logger.py] - INFO: 用例名字：正常登录
[2020-03-27 18:47:53,506] - logger.py] - INFO: 请求接口地址：http://10.0.0.223:8001/platform/login/guest
[2020-03-27 18:47:53,506] - logger.py] - INFO: 请求参数：{'deviceid': '863254629922021'}
[2020-03-27 18:47:53,506] - logger.py] - INFO: --------------------------------------------------------------------------------------------------------------------------------------------------------------------------------------------------------
[2020-03-27 18:47:53,506] - logger.py] - INFO: 期望结果：{'message': 'ok', 'status': 100}
[2020-03-27 18:47:53,506] - logger.py] - INFO: 实际结果：{"status":"96","message":"bad or lack parameter","data":{}}
[2020-03-27 18:47:53,506] - logger.py] - INFO: ####################################################################################################测试结束####################################################################################################
[2020-03-27 18:53:01,715] - logger.py] - INFO: ####################################################################################################开始测试####################################################################################################
[2020-03-27 18:53:01,715] - logger.py] - INFO: 用例名字：正常登录
[2020-03-27 18:53:01,715] - logger.py] - INFO: 请求接口地址：http://10.0.0.223:8001/platform/login/guest
[2020-03-27 18:53:01,715] - logger.py] - INFO: 请求参数：{'deviceid': '863254629922021'}
[2020-03-27 18:53:01,715] - logger.py] - INFO: --------------------------------------------------------------------------------------------------------------------------------------------------------------------------------------------------------
[2020-03-27 18:53:01,715] - logger.py] - INFO: 期望结果：{'status': 100, 'message': 'ok'}
[2020-03-27 18:53:01,715] - logger.py] - INFO: 实际结果：{"status":"96","message":"bad or lack parameter","data":{}}
[2020-03-27 18:53:01,715] - logger.py] - INFO: ####################################################################################################测试结束####################################################################################################
[2020-03-27 18:58:18,476] - logger.py] - INFO: ####################################################################################################开始测试####################################################################################################
[2020-03-27 18:58:18,476] - logger.py] - INFO: 用例名字：正常登录
[2020-03-27 18:58:18,483] - logger.py] - INFO: 请求接口地址：http://10.0.0.223:8001/platform/login/guest
[2020-03-27 18:58:18,484] - logger.py] - INFO: 请求参数：{'deviceid': '863254629922021'}
[2020-03-27 18:58:18,485] - logger.py] - INFO: --------------------------------------------------------------------------------------------------------------------------------------------------------------------------------------------------------
[2020-03-27 18:58:18,485] - logger.py] - INFO: 期望结果：{'message': 'ok', 'status': 100}
[2020-03-27 18:58:18,486] - logger.py] - INFO: 实际结果：{"status":"100","message":"ok","data":{"ck":"MTI1NzMxYjAxZjlhYmZlODEyOWU3OTM2MmEwMDM0MGJkYzg4YQ==","uid":"12573"}}
[2020-03-27 18:58:18,486] - logger.py] - INFO: ####################################################################################################测试结束####################################################################################################
