[2020-06-23 14:11:20,348] - logger.py] - INFO: ####################################################################################################开始测试####################################################################################################
[2020-06-23 14:11:20,349] - logger.py] - INFO: 用例名字：传入ck为空
[2020-06-23 14:11:20,350] - logger.py] - INFO: 请求接口地址：http://10.0.0.223:8001/api/signin/homepage
[2020-06-23 14:11:20,350] - logger.py] - INFO: 请求参数：{'ck': ''}
[2020-06-23 14:11:20,351] - logger.py] - INFO: --------------------------------------------------------------------------------------------------------------------------------------------------------------------------------------------------------
[2020-06-23 14:11:20,351] - logger.py] - INFO: 期望结果：{'message': '请登录', 'status': '102'}
[2020-06-23 14:11:20,352] - logger.py] - INFO: 实际结果：{'data': {}, 'message': '请登录', 'status': '102'}
[2020-06-23 14:11:20,353] - logger.py] - INFO: ####################################################################################################测试结束####################################################################################################
[2020-06-23 14:11:20,380] - logger.py] - INFO: ####################################################################################################开始测试####################################################################################################
[2020-06-23 14:11:20,381] - logger.py] - INFO: 用例名字：传入正确ck
[2020-06-23 14:11:20,382] - logger.py] - INFO: 请求接口地址：http://10.0.0.223:8001/api/signin/homepage
[2020-06-23 14:11:20,382] - logger.py] - INFO: 请求参数：{'ck': 'MTI4MDU0ZTlhNTIzNzFmOGM1MTljMDViYzA2YmZhMDQ1MjJlMw=='}
[2020-06-23 14:11:20,383] - logger.py] - INFO: --------------------------------------------------------------------------------------------------------------------------------------------------------------------------------------------------------
[2020-06-23 14:11:20,383] - logger.py] - INFO: 期望结果：{'message': 'ok', 'status': '100'}
[2020-06-23 14:11:20,384] - logger.py] - INFO: 实际结果：{'data': {'allow_signin': '1', 'signin_sheet': [{'award_value': '1.0', 'day': '1', 'cond_progress': '', 'award_type': 'cash', 'cond_type': 'NO', 'cond_value': '', 'status': '1'}, {'award_value': '0.1', 'day': '2', 'cond_progress': '', 'award_type': 'cash', 'cond_type': 'NO', 'cond_value': '', 'status': '0'}, {'award_value': '0.1', 'day': '3', 'cond_progress': '', 'award_type': 'cash', 'cond_type': 'NO', 'cond_value': '', 'status': '0'}, {'award_value': '0.6', 'day': '4', 'cond_progress': '0', 'award_type': 'cash', 'cond_type': 'power', 'cond_value': '50.0', 'status': '0'}, {'award_value': '0.1', 'day': '5', 'cond_progress': '0', 'award_type': 'cash', 'cond_type': 'power', 'cond_value': '100.0', 'status': '0'}, {'award_value': '0.1', 'day': '6', 'cond_progress': '0', 'award_type': 'cash', 'cond_type': 'power', 'cond_value': '500.0', 'status': '0'}, {'award_value': '3.0', 'day': '7', 'cond_progress': '0', 'award_type': 'cash', 'cond_type': 'power', 'cond_value': '500.0', 'status': '0'}]}, 'message': 'ok', 'status': '100'}
[2020-06-23 14:11:20,384] - logger.py] - INFO: ####################################################################################################测试结束####################################################################################################
[2020-06-23 14:11:20,399] - logger.py] - INFO: ####################################################################################################开始测试####################################################################################################
[2020-06-23 14:11:20,401] - logger.py] - INFO: 用例名字：传入不存在的ck
[2020-06-23 14:11:20,401] - logger.py] - INFO: 请求接口地址：http://10.0.0.223:8001/api/signin/homepage
[2020-06-23 14:11:20,402] - logger.py] - INFO: 请求参数：{'ck': 'MTI4MDU0ZTlhNTIzNzFmOGM1MTljMDViYzA2YmZhMDQ1MjJlMw'}
[2020-06-23 14:11:20,403] - logger.py] - INFO: --------------------------------------------------------------------------------------------------------------------------------------------------------------------------------------------------------
[2020-06-23 14:11:20,403] - logger.py] - INFO: 期望结果：{'message': '请登录', 'status': '102'}
[2020-06-23 14:11:20,404] - logger.py] - INFO: 实际结果：{'data': {}, 'message': '请登录', 'status': '102'}
[2020-06-23 14:11:20,404] - logger.py] - INFO: ####################################################################################################测试结束####################################################################################################
[2020-06-23 15:05:27,032] - logger.py] - INFO: ####################################################################################################开始测试####################################################################################################
[2020-06-23 15:05:27,039] - logger.py] - INFO: 用例名字：传入不存在的ck和日期
[2020-06-23 15:05:27,040] - logger.py] - INFO: 请求接口地址：http://10.0.0.223:8001/api/signin/signin
[2020-06-23 15:05:27,040] - logger.py] - INFO: 请求参数：{'ck': 'MTI4MDU0ZTlhNTIzNzFmOGM1MTljMDViYzA2YmZhMDQ1MjJlMw', 'day': '20200623'}
[2020-06-23 15:05:27,041] - logger.py] - INFO: --------------------------------------------------------------------------------------------------------------------------------------------------------------------------------------------------------
[2020-06-23 15:05:27,042] - logger.py] - INFO: 期望结果：{'message': '请登录', 'status': '102'}
[2020-06-23 15:05:27,042] - logger.py] - INFO: 实际结果：{'data': {}, 'message': '请登录', 'status': '102'}
[2020-06-23 15:05:27,043] - logger.py] - INFO: ####################################################################################################测试结束####################################################################################################
[2020-06-23 15:05:27,065] - logger.py] - INFO: ####################################################################################################开始测试####################################################################################################
[2020-06-23 15:05:27,067] - logger.py] - INFO: 用例名字：传入正确ck和日期
[2020-06-23 15:05:27,067] - logger.py] - INFO: 请求接口地址：http://10.0.0.223:8001/api/signin/signin
[2020-06-23 15:05:27,068] - logger.py] - INFO: 请求参数：{'ck': 'MTI4MDU0ZTlhNTIzNzFmOGM1MTljMDViYzA2YmZhMDQ1MjJlMw==', 'day': '20200623'}
[2020-06-23 15:05:27,068] - logger.py] - INFO: --------------------------------------------------------------------------------------------------------------------------------------------------------------------------------------------------------
[2020-06-23 15:05:27,069] - logger.py] - INFO: 期望结果：{'message': 'ok', 'status': '100'}
[2020-06-23 15:05:27,069] - logger.py] - INFO: 实际结果：{'data': {'msg': '不能提前签到'}, 'message': 'ok', 'status': '100'}
[2020-06-23 15:05:27,070] - logger.py] - INFO: ####################################################################################################测试结束####################################################################################################
[2020-06-23 15:05:27,084] - logger.py] - INFO: ####################################################################################################开始测试####################################################################################################
[2020-06-23 15:05:27,085] - logger.py] - INFO: 用例名字：传入ck为空和日期
[2020-06-23 15:05:27,085] - logger.py] - INFO: 请求接口地址：http://10.0.0.223:8001/api/signin/signin
[2020-06-23 15:05:27,086] - logger.py] - INFO: 请求参数：{'ck': '', 'day': '20200623'}
[2020-06-23 15:05:27,086] - logger.py] - INFO: --------------------------------------------------------------------------------------------------------------------------------------------------------------------------------------------------------
[2020-06-23 15:05:27,087] - logger.py] - INFO: 期望结果：{'message': '请登录', 'status': '102'}
[2020-06-23 15:05:27,087] - logger.py] - INFO: 实际结果：{'data': {}, 'message': '请登录', 'status': '102'}
[2020-06-23 15:05:27,087] - logger.py] - INFO: ####################################################################################################测试结束####################################################################################################
[2020-06-23 15:05:27,105] - logger.py] - INFO: ####################################################################################################开始测试####################################################################################################
[2020-06-23 15:05:27,106] - logger.py] - INFO: 用例名字：传入正确ck和日期为空
[2020-06-23 15:05:27,106] - logger.py] - INFO: 请求接口地址：http://10.0.0.223:8001/api/signin/signin
[2020-06-23 15:05:27,107] - logger.py] - INFO: 请求参数：{'ck': 'MTI4MDU0ZTlhNTIzNzFmOGM1MTljMDViYzA2YmZhMDQ1MjJlMw==', 'day': ''}
[2020-06-23 15:05:27,107] - logger.py] - INFO: --------------------------------------------------------------------------------------------------------------------------------------------------------------------------------------------------------
[2020-06-23 15:05:27,108] - logger.py] - INFO: 期望结果：{'message': 'System is overloaded, please take a break and retry later', 'status': '99'}
[2020-06-23 15:05:27,108] - logger.py] - INFO: 实际结果：{'data': {}, 'message': 'System is overloaded, please take a break and retry later', 'status': '99'}
[2020-06-23 15:05:27,109] - logger.py] - INFO: ####################################################################################################测试结束####################################################################################################
