[2020-04-01 11:52:20,169] - logger.py] - INFO: ####################################################################################################开始测试####################################################################################################
[2020-04-01 11:52:20,169] - logger.py] - INFO: 用例名字：正常登录
[2020-04-01 11:52:20,170] - logger.py] - INFO: 请求接口地址：http://10.0.0.223:8001/platform/login/guest
[2020-04-01 11:52:20,171] - logger.py] - INFO: 请求参数：{'deviceid': '863254629922021'}
[2020-04-01 11:52:20,172] - logger.py] - INFO: --------------------------------------------------------------------------------------------------------------------------------------------------------------------------------------------------------
[2020-04-01 11:52:20,173] - logger.py] - INFO: 期望结果：{'message': 'ok', 'status': 100}
[2020-04-01 11:52:20,175] - logger.py] - INFO: 实际结果：{"status":"100","message":"ok","data":{"ck":"MTI1NzNjOWI0ZDljNmJjMWIwYjM1MTEyNzBmN2FiZTgyNTFmZA==","uid":"12573"}}
[2020-04-01 11:52:20,176] - logger.py] - INFO: ####################################################################################################测试结束####################################################################################################
[2020-04-01 15:52:24,616] - logger.py] - INFO: ####################################################################################################开始测试####################################################################################################
[2020-04-01 15:52:24,633] - logger.py] - INFO: 用例名字：正常登录
[2020-04-01 15:52:24,634] - logger.py] - INFO: 请求接口地址：http://10.0.0.223:8001/platform/login/guest
[2020-04-01 15:52:24,635] - logger.py] - INFO: 请求参数：{'deviceid': '987654321'}
[2020-04-01 15:52:24,635] - logger.py] - INFO: --------------------------------------------------------------------------------------------------------------------------------------------------------------------------------------------------------
[2020-04-01 15:52:24,636] - logger.py] - INFO: 期望结果：{'message': 'ok', 'status': '100'}
[2020-04-01 15:52:24,636] - logger.py] - INFO: 实际结果：{"status":"100","message":"ok","data":{"ck":"MTI1NjAyZjg5MWIwZGM4ZTcyZGUwZGI3NzUzNzNlZjU2MjY1Nw==","uid":"12560"}}
[2020-04-01 15:52:24,637] - logger.py] - INFO: ####################################################################################################测试结束####################################################################################################
[2020-04-01 16:08:48,301] - logger.py] - INFO: ####################################################################################################开始测试####################################################################################################
[2020-04-01 16:08:48,302] - logger.py] - INFO: 用例名字：正常登录
[2020-04-01 16:08:48,302] - logger.py] - INFO: 请求接口地址：http://10.0.0.223:8001/platform/login/guest
[2020-04-01 16:08:48,303] - logger.py] - INFO: 请求参数：{'deviceid': '987654321'}
[2020-04-01 16:08:48,304] - logger.py] - INFO: --------------------------------------------------------------------------------------------------------------------------------------------------------------------------------------------------------
[2020-04-01 16:08:48,305] - logger.py] - INFO: 期望结果：{'status': '100', 'message': 'ok'}
[2020-04-01 16:08:48,305] - logger.py] - INFO: 实际结果：{"status":"100","message":"ok","data":{"ck":"MTI1NjA5YzljZWI4MTY0ZDQzNzUzODJjNGViZGIwNzM2YjgwYw==","uid":"12560"}}
[2020-04-01 16:08:48,306] - logger.py] - INFO: ####################################################################################################测试结束####################################################################################################
[2020-04-01 16:49:14,514] - logger.py] - INFO: ####################################################################################################开始测试####################################################################################################
[2020-04-01 16:49:14,528] - logger.py] - INFO: 用例名字：正常登录
[2020-04-01 16:49:14,528] - logger.py] - INFO: 请求接口地址：http://10.0.0.223:8001/platform/login/guest
[2020-04-01 16:49:14,529] - logger.py] - INFO: 请求参数：{'deviceid': '987654321'}
[2020-04-01 16:49:14,529] - logger.py] - INFO: --------------------------------------------------------------------------------------------------------------------------------------------------------------------------------------------------------
[2020-04-01 16:49:14,530] - logger.py] - INFO: 期望结果：{'status': '100', 'message': 'ok'}
[2020-04-01 16:49:14,531] - logger.py] - INFO: 实际结果：{"status":"100","message":"ok","data":{"ck":"MTI1NjAwNzVlYmIzNDMyZGM3NGMyOWY1MGJhYTJhYmJhNWQxNQ==","uid":"12560"}}
[2020-04-01 16:49:14,531] - logger.py] - INFO: ####################################################################################################测试结束####################################################################################################
