[2020-04-02 12:02:13,520] - logger.py] - INFO: ####################################################################################################开始测试####################################################################################################
[2020-04-02 12:02:13,520] - logger.py] - INFO: 用例名字：正常登录
[2020-04-02 12:02:13,521] - logger.py] - INFO: 请求接口地址：http://10.0.0.223:8001/platform/login/guest
[2020-04-02 12:02:13,522] - logger.py] - INFO: 请求参数：{'deviceid': '987654321'}
[2020-04-02 12:02:13,522] - logger.py] - INFO: --------------------------------------------------------------------------------------------------------------------------------------------------------------------------------------------------------
[2020-04-02 12:02:13,523] - logger.py] - INFO: 期望结果：{'message': 'ok', 'status': '100'}
[2020-04-02 12:02:13,523] - logger.py] - INFO: 实际结果：{"status":"100","message":"ok","data":{"ck":"MTI1NjA5YjAxNWRjZGRlODc3ODZkMjEwY2I5ZTNkYzhiY2JjOA==","uid":"12560"}}
[2020-04-02 12:02:13,524] - logger.py] - INFO: ####################################################################################################测试结束####################################################################################################
[2020-04-02 12:14:47,368] - logger.py] - INFO: ####################################################################################################开始测试####################################################################################################
[2020-04-02 12:14:47,369] - logger.py] - INFO: 用例名字：设备号为空登陆
[2020-04-02 12:14:47,370] - logger.py] - INFO: 请求接口地址：http://10.0.0.223:8001/platform/login/guest
[2020-04-02 12:14:47,370] - logger.py] - INFO: 请求参数：{'deviceid': ''}
[2020-04-02 12:14:47,371] - logger.py] - INFO: --------------------------------------------------------------------------------------------------------------------------------------------------------------------------------------------------------
[2020-04-02 12:14:47,371] - logger.py] - INFO: 期望结果：{'status': 117, 'message': ''}
[2020-04-02 12:14:47,372] - logger.py] - INFO: 实际结果：{"status": "117", "message": "", "link": "", "iswindow": "0", "data": {}}
[2020-04-02 12:14:47,372] - logger.py] - INFO: ####################################################################################################测试结束####################################################################################################
[2020-04-02 12:16:15,549] - logger.py] - INFO: ####################################################################################################开始测试####################################################################################################
[2020-04-02 12:16:15,549] - logger.py] - INFO: 用例名字：正常登录
[2020-04-02 12:16:15,550] - logger.py] - INFO: 请求接口地址：http://10.0.0.223:8001/platform/login/guest
[2020-04-02 12:16:15,551] - logger.py] - INFO: 请求参数：{'deviceid': '987654321'}
[2020-04-02 12:16:15,551] - logger.py] - INFO: --------------------------------------------------------------------------------------------------------------------------------------------------------------------------------------------------------
[2020-04-02 12:16:15,552] - logger.py] - INFO: 期望结果：{'message': 'ok', 'status': '100'}
[2020-04-02 12:16:15,552] - logger.py] - INFO: 实际结果：{"status":"100","message":"ok","data":{"ck":"MTI1NjBiMzQ2YWU1MzhiNGM0ZmM5NDcwMjk3Yjk5ZmY4NmJkNw==","uid":"12560"}}
[2020-04-02 12:16:15,553] - logger.py] - INFO: ####################################################################################################测试结束####################################################################################################
[2020-04-02 12:21:48,180] - logger.py] - INFO: ####################################################################################################开始测试####################################################################################################
[2020-04-02 12:21:48,181] - logger.py] - INFO: 用例名字：正常登录
[2020-04-02 12:21:48,181] - logger.py] - INFO: 请求接口地址：http://10.0.0.223:8001/platform/login/guest
[2020-04-02 12:21:48,182] - logger.py] - INFO: 请求参数：{'deviceid': '987654321'}
[2020-04-02 12:21:48,183] - logger.py] - INFO: --------------------------------------------------------------------------------------------------------------------------------------------------------------------------------------------------------
[2020-04-02 12:21:48,183] - logger.py] - INFO: 期望结果：{'message': 'ok', 'status': '100'}
[2020-04-02 12:21:48,184] - logger.py] - INFO: 实际结果：{"status":"100","message":"ok","data":{"ck":"MTI1NjA1MGFiZjZkODEzYTk4YTVjOGU0NTRmOGMxZDE0MzI4Ng==","uid":"12560"}}
[2020-04-02 12:21:48,185] - logger.py] - INFO: ####################################################################################################测试结束####################################################################################################
[2020-04-02 12:23:56,507] - logger.py] - INFO: ####################################################################################################开始测试####################################################################################################
[2020-04-02 12:23:56,507] - logger.py] - INFO: 用例名字：正常登录
[2020-04-02 12:23:56,508] - logger.py] - INFO: 请求接口地址：http://10.0.0.223:8001/platform/login/guest
[2020-04-02 12:23:56,508] - logger.py] - INFO: 请求参数：{'deviceid': '987654321'}
[2020-04-02 12:23:56,509] - logger.py] - INFO: --------------------------------------------------------------------------------------------------------------------------------------------------------------------------------------------------------
[2020-04-02 12:23:56,510] - logger.py] - INFO: 期望结果：{'status': '100', 'message': 'ok'}
[2020-04-02 12:23:56,510] - logger.py] - INFO: 实际结果：{"status":"100","message":"ok","data":{"ck":"MTI1NjBmMGJlMzQ5YmNmZmIzNTY2NTViOGQ2MzFjMDZkNTRhMA==","uid":"12560"}}
[2020-04-02 12:23:56,511] - logger.py] - INFO: ####################################################################################################测试结束####################################################################################################
[2020-04-02 14:17:58,316] - logger.py] - INFO: ####################################################################################################开始测试####################################################################################################
[2020-04-02 14:17:58,317] - logger.py] - INFO: 用例名字：设备号为空登录
[2020-04-02 14:17:58,321] - logger.py] - INFO: 请求接口地址：http://10.0.0.223:8001/platform/login/guest
[2020-04-02 14:17:58,322] - logger.py] - INFO: 请求参数：{'deviceid': ''}
[2020-04-02 14:17:58,322] - logger.py] - INFO: --------------------------------------------------------------------------------------------------------------------------------------------------------------------------------------------------------
[2020-04-02 14:17:58,323] - logger.py] - INFO: 期望结果：{'message': '', 'status': '117'}
[2020-04-02 14:17:58,324] - logger.py] - INFO: 实际结果：{"status": "117", "message": "", "link": "", "iswindow": "0", "data": {}}
[2020-04-02 14:17:58,324] - logger.py] - INFO: ####################################################################################################测试结束####################################################################################################
[2020-04-02 14:22:29,863] - logger.py] - INFO: ####################################################################################################开始测试####################################################################################################
[2020-04-02 14:22:29,864] - logger.py] - INFO: 用例名字：设备号为空登录
[2020-04-02 14:22:29,864] - logger.py] - INFO: 请求接口地址：http://10.0.0.223:8001/platform/login/guest
[2020-04-02 14:22:29,865] - logger.py] - INFO: 请求参数：{'deviceid': ''}
[2020-04-02 14:22:29,866] - logger.py] - INFO: --------------------------------------------------------------------------------------------------------------------------------------------------------------------------------------------------------
[2020-04-02 14:22:29,866] - logger.py] - INFO: 期望结果：{'status': '117', 'message': ''}
[2020-04-02 14:22:29,867] - logger.py] - INFO: 实际结果：{"status": "117", "message": "", "link": "", "iswindow": "0", "data": {}}
[2020-04-02 14:22:29,868] - logger.py] - INFO: ####################################################################################################测试结束####################################################################################################
[2020-04-02 14:29:31,835] - logger.py] - INFO: ####################################################################################################开始测试####################################################################################################
[2020-04-02 14:29:31,836] - logger.py] - INFO: 用例名字：正常登录
[2020-04-02 14:29:31,837] - logger.py] - INFO: 请求接口地址：http://10.0.0.223:8001/platform/login/guest
[2020-04-02 14:29:31,837] - logger.py] - INFO: 请求参数：{'deviceid': '987654321'}
[2020-04-02 14:29:31,838] - logger.py] - INFO: --------------------------------------------------------------------------------------------------------------------------------------------------------------------------------------------------------
[2020-04-02 14:29:31,839] - logger.py] - INFO: 期望结果：{'status': '100', 'message': 'ok'}
[2020-04-02 14:29:31,840] - logger.py] - INFO: 实际结果：{"status":"100","message":"ok","data":{"ck":"MTI1NjBkM2JmNjIzMmFjOTY5OGZjY2Y4NWU1NDkxNDdiMWQ4Yg==","uid":"12560"}}
[2020-04-02 14:29:31,840] - logger.py] - INFO: ####################################################################################################测试结束####################################################################################################
[2020-04-02 14:55:18,101] - logger.py] - INFO: ####################################################################################################开始测试####################################################################################################
[2020-04-02 14:55:18,102] - logger.py] - INFO: 用例名字：正常登录
[2020-04-02 14:55:18,103] - logger.py] - INFO: 请求接口地址：http://10.0.0.223:8001/platform/login/guest
[2020-04-02 14:55:18,103] - logger.py] - INFO: 请求参数：{'deviceid': '987654321'}
[2020-04-02 14:55:18,104] - logger.py] - INFO: --------------------------------------------------------------------------------------------------------------------------------------------------------------------------------------------------------
[2020-04-02 14:55:18,105] - logger.py] - INFO: 期望结果：{'message': 'ok', 'status': '100'}
[2020-04-02 14:55:18,106] - logger.py] - INFO: 实际结果：{"status":"100","message":"ok","data":{"ck":"MTI1NjBmMmRkNWM3YjI2NGEyYTc3OTdkNjMyOWNlOGJmMzYxMA==","uid":"12560"}}
[2020-04-02 14:55:18,106] - logger.py] - INFO: ####################################################################################################测试结束####################################################################################################
[2020-04-02 15:01:12,418] - logger.py] - INFO: ####################################################################################################开始测试####################################################################################################
[2020-04-02 15:01:12,421] - logger.py] - INFO: 用例名字：正常登录
[2020-04-02 15:01:12,424] - logger.py] - INFO: 请求接口地址：http://10.0.0.223:8001/platform/login/guest
[2020-04-02 15:01:12,427] - logger.py] - INFO: 请求参数：{'deviceid': '987654321'}
[2020-04-02 15:01:12,429] - logger.py] - INFO: --------------------------------------------------------------------------------------------------------------------------------------------------------------------------------------------------------
[2020-04-02 15:01:12,432] - logger.py] - INFO: 期望结果：{'status': '100', 'message': 'ok'}
[2020-04-02 15:01:12,435] - logger.py] - INFO: 实际结果：{"status":"100","message":"ok","data":{"ck":"MTI1NjAyOTk1ODBiZThmZDU3NDQ1ODE1ZjBlNjk2MzczNzg5Nw==","uid":"12560"}}
[2020-04-02 15:01:12,437] - logger.py] - INFO: ####################################################################################################测试结束####################################################################################################
[2020-04-02 15:13:18,874] - logger.py] - INFO: ####################################################################################################开始测试####################################################################################################
[2020-04-02 15:13:18,877] - logger.py] - INFO: 用例名字：正常登录
[2020-04-02 15:13:18,880] - logger.py] - INFO: 请求接口地址：http://10.0.0.223:8001/platform/login/guest
[2020-04-02 15:13:18,882] - logger.py] - INFO: 请求参数：{'deviceid': '987654321'}
[2020-04-02 15:13:18,885] - logger.py] - INFO: --------------------------------------------------------------------------------------------------------------------------------------------------------------------------------------------------------
[2020-04-02 15:13:18,888] - logger.py] - INFO: 期望结果：{'status': '100', 'message': 'ok'}
[2020-04-02 15:13:18,890] - logger.py] - INFO: 实际结果：{"status":"100","message":"ok","data":{"ck":"MTI1NjBmZWJhOTEzMWEwMTdlMTEyOTI1YTIzMDc3ZmY2MTNhZg==","uid":"12560"}}
[2020-04-02 15:13:18,892] - logger.py] - INFO: ####################################################################################################测试结束####################################################################################################
[2020-04-02 15:18:14,258] - logger.py] - INFO: ####################################################################################################开始测试####################################################################################################
[2020-04-02 15:18:14,258] - logger.py] - INFO: 用例名字：设备号为空登录
[2020-04-02 15:18:14,259] - logger.py] - INFO: 请求接口地址：http://10.0.0.223:8001/platform/login/guest
[2020-04-02 15:18:14,260] - logger.py] - INFO: 请求参数：{'deviceid': ''}
[2020-04-02 15:18:14,260] - logger.py] - INFO: --------------------------------------------------------------------------------------------------------------------------------------------------------------------------------------------------------
[2020-04-02 15:18:14,261] - logger.py] - INFO: 期望结果：{'status': '117', 'message': ''}
[2020-04-02 15:18:14,261] - logger.py] - INFO: 实际结果：{"status": "117", "message": "", "link": "", "iswindow": "0", "data": {}}
[2020-04-02 15:18:14,262] - logger.py] - INFO: ####################################################################################################测试结束####################################################################################################
[2020-04-02 15:37:40,102] - logger.py] - INFO: ####################################################################################################开始测试####################################################################################################
[2020-04-02 15:37:40,129] - logger.py] - INFO: 用例名字：设备号为空登录
[2020-04-02 15:37:40,129] - logger.py] - INFO: 请求接口地址：http://10.0.0.223:8001/platform/login/guest
[2020-04-02 15:37:40,130] - logger.py] - INFO: 请求参数：{'deviceid': ''}
[2020-04-02 15:37:40,130] - logger.py] - INFO: --------------------------------------------------------------------------------------------------------------------------------------------------------------------------------------------------------
[2020-04-02 15:37:40,131] - logger.py] - INFO: 期望结果：{'status': '117', 'message': ''}
[2020-04-02 15:37:40,132] - logger.py] - INFO: 实际结果：{"status": "117", "message": "", "link": "", "iswindow": "0", "data": {}}
[2020-04-02 15:37:40,132] - logger.py] - INFO: ####################################################################################################测试结束####################################################################################################
[2020-04-02 15:41:29,238] - logger.py] - INFO: ####################################################################################################开始测试####################################################################################################
[2020-04-02 15:41:29,240] - logger.py] - INFO: 用例名字：正常登录
[2020-04-02 15:41:29,243] - logger.py] - INFO: 请求接口地址：http://10.0.0.223:8001/platform/login/guest
[2020-04-02 15:41:29,245] - logger.py] - INFO: 请求参数：{'deviceid': '987654321'}
[2020-04-02 15:41:29,247] - logger.py] - INFO: --------------------------------------------------------------------------------------------------------------------------------------------------------------------------------------------------------
[2020-04-02 15:41:29,249] - logger.py] - INFO: 期望结果：{'status': '100', 'message': 'ok'}
[2020-04-02 15:41:29,251] - logger.py] - INFO: 实际结果：{"status":"100","message":"ok","data":{"ck":"MTI1NjBkYTAzYjFjNTcwMGVlMmQ1NzUyODhkMTIyNTYwZTk5OA==","uid":"12560"}}
[2020-04-02 15:41:29,253] - logger.py] - INFO: ####################################################################################################测试结束####################################################################################################
[2020-04-02 15:48:37,950] - logger.py] - INFO: ####################################################################################################开始测试####################################################################################################
[2020-04-02 15:48:37,951] - logger.py] - INFO: 用例名字：设备号为空登录
[2020-04-02 15:48:37,952] - logger.py] - INFO: 请求接口地址：http://10.0.0.223:8001/platform/login/guest
[2020-04-02 15:48:37,952] - logger.py] - INFO: 请求参数：{'deviceid': ''}
[2020-04-02 15:48:37,953] - logger.py] - INFO: --------------------------------------------------------------------------------------------------------------------------------------------------------------------------------------------------------
[2020-04-02 15:48:37,954] - logger.py] - INFO: 期望结果：{'message': '', 'status': '117'}
[2020-04-02 15:48:37,954] - logger.py] - INFO: 实际结果：{"status": "117", "message": "", "link": "", "iswindow": "0", "data": {}}
[2020-04-02 15:48:37,955] - logger.py] - INFO: ####################################################################################################测试结束####################################################################################################
[2020-04-02 15:54:02,852] - logger.py] - INFO: ####################################################################################################开始测试####################################################################################################
[2020-04-02 15:54:02,857] - logger.py] - INFO: 用例名字：正常登录
[2020-04-02 15:54:02,858] - logger.py] - INFO: 请求接口地址：http://10.0.0.223:8001/platform/login/guest
[2020-04-02 15:54:02,859] - logger.py] - INFO: 请求参数：{'deviceid': '987654321'}
[2020-04-02 15:54:02,860] - logger.py] - INFO: --------------------------------------------------------------------------------------------------------------------------------------------------------------------------------------------------------
[2020-04-02 15:54:02,862] - logger.py] - INFO: 期望结果：{'status': '100', 'message': 'ok'}
[2020-04-02 15:54:02,863] - logger.py] - INFO: 实际结果：{"status":"100","message":"ok","data":{"ck":"MTI1NjBlMDE5ZjQ4MTA5YWQxZTYyNTY3OTcxMDc2ZDVkNzAzMw==","uid":"12560"}}
[2020-04-02 15:54:02,865] - logger.py] - INFO: ####################################################################################################测试结束####################################################################################################
[2020-04-02 16:02:19,982] - logger.py] - INFO: ####################################################################################################开始测试####################################################################################################
[2020-04-02 16:02:19,983] - logger.py] - INFO: 用例名字：设备号为空登录
[2020-04-02 16:02:19,984] - logger.py] - INFO: 请求接口地址：http://10.0.0.223:8001/platform/login/guest
[2020-04-02 16:02:19,984] - logger.py] - INFO: 请求参数：{'deviceid': ''}
[2020-04-02 16:02:19,985] - logger.py] - INFO: --------------------------------------------------------------------------------------------------------------------------------------------------------------------------------------------------------
[2020-04-02 16:02:19,986] - logger.py] - INFO: 期望结果：{'message': '', 'status': '117'}
[2020-04-02 16:02:19,986] - logger.py] - INFO: 实际结果：{"status": "117", "message": "", "link": "", "iswindow": "0", "data": {}}
[2020-04-02 16:02:19,987] - logger.py] - INFO: ####################################################################################################测试结束####################################################################################################
[2020-04-02 16:15:06,258] - logger.py] - INFO: ####################################################################################################开始测试####################################################################################################
[2020-04-02 16:15:06,259] - logger.py] - INFO: 用例名字：设备号为空登录
[2020-04-02 16:15:06,259] - logger.py] - INFO: 请求接口地址：http://10.0.0.223:8001/platform/login/guest
[2020-04-02 16:15:06,260] - logger.py] - INFO: 请求参数：{'deviceid': ''}
[2020-04-02 16:15:06,261] - logger.py] - INFO: --------------------------------------------------------------------------------------------------------------------------------------------------------------------------------------------------------
[2020-04-02 16:15:06,261] - logger.py] - INFO: 期望结果：{'message': '', 'status': '117'}
[2020-04-02 16:15:06,262] - logger.py] - INFO: 实际结果：{"status": "117", "message": "", "link": "", "iswindow": "0", "data": {}}
[2020-04-02 16:15:06,263] - logger.py] - INFO: ####################################################################################################测试结束####################################################################################################
[2020-04-02 16:20:00,983] - logger.py] - INFO: ####################################################################################################开始测试####################################################################################################
[2020-04-02 16:20:00,984] - logger.py] - INFO: 用例名字：设备号为空登录
[2020-04-02 16:20:00,985] - logger.py] - INFO: 请求接口地址：http://10.0.0.223:8001/platform/login/guest
[2020-04-02 16:20:00,985] - logger.py] - INFO: 请求参数：{'deviceid': ''}
[2020-04-02 16:20:00,986] - logger.py] - INFO: --------------------------------------------------------------------------------------------------------------------------------------------------------------------------------------------------------
[2020-04-02 16:20:00,987] - logger.py] - INFO: 期望结果：{'status': '117', 'message': ''}
[2020-04-02 16:20:00,987] - logger.py] - INFO: 实际结果：{"status": "117", "message": "", "link": "", "iswindow": "0", "data": {}}
[2020-04-02 16:20:00,988] - logger.py] - INFO: ####################################################################################################测试结束####################################################################################################
[2020-04-02 16:20:42,578] - logger.py] - INFO: ####################################################################################################开始测试####################################################################################################
[2020-04-02 16:20:42,580] - logger.py] - INFO: 用例名字：正常登录
[2020-04-02 16:20:42,581] - logger.py] - INFO: 请求接口地址：http://10.0.0.223:8001/platform/login/guest
[2020-04-02 16:20:42,582] - logger.py] - INFO: 请求参数：{'deviceid': '987654321'}
[2020-04-02 16:20:42,583] - logger.py] - INFO: --------------------------------------------------------------------------------------------------------------------------------------------------------------------------------------------------------
[2020-04-02 16:20:42,585] - logger.py] - INFO: 期望结果：{'message': 'ok', 'status': '100'}
[2020-04-02 16:20:42,586] - logger.py] - INFO: 实际结果：{"status":"100","message":"ok","data":{"ck":"MTI1NjA1Y2I1MTQ2NDM3ODI3ZjkxYmY0YWU2MzZhNGRlNmViNw==","uid":"12560"}}
[2020-04-02 16:20:42,587] - logger.py] - INFO: ####################################################################################################测试结束####################################################################################################
[2020-04-02 16:27:40,024] - logger.py] - INFO: ####################################################################################################开始测试####################################################################################################
[2020-04-02 16:27:40,026] - logger.py] - INFO: 用例名字：正常登录
[2020-04-02 16:27:40,027] - logger.py] - INFO: 请求接口地址：http://10.0.0.223:8001/platform/login/guest
[2020-04-02 16:27:40,029] - logger.py] - INFO: 请求参数：{'deviceid': '987654321'}
[2020-04-02 16:27:40,031] - logger.py] - INFO: --------------------------------------------------------------------------------------------------------------------------------------------------------------------------------------------------------
[2020-04-02 16:27:40,032] - logger.py] - INFO: 期望结果：{'status': '100', 'message': 'ok'}
[2020-04-02 16:27:40,034] - logger.py] - INFO: 实际结果：{"status":"100","message":"ok","data":{"ck":"MTI1NjA0NmNiMjBlODMxYmQ4ODEwN2VhYTkwYjJiMjEyNDk3Zg==","uid":"12560"}}
[2020-04-02 16:27:40,035] - logger.py] - INFO: ####################################################################################################测试结束####################################################################################################
[2020-04-02 16:35:48,432] - logger.py] - INFO: ####################################################################################################开始测试####################################################################################################
[2020-04-02 16:35:48,438] - logger.py] - INFO: 用例名字：设备号为空登录
[2020-04-02 16:35:48,438] - logger.py] - INFO: 请求接口地址：http://10.0.0.223:8001/platform/login/guest
[2020-04-02 16:35:48,439] - logger.py] - INFO: 请求参数：{'deviceid': ''}
[2020-04-02 16:35:48,439] - logger.py] - INFO: --------------------------------------------------------------------------------------------------------------------------------------------------------------------------------------------------------
[2020-04-02 16:35:48,440] - logger.py] - INFO: 期望结果：{'message': '', 'status': '117'}
[2020-04-02 16:35:48,440] - logger.py] - INFO: 实际结果：{"status": "117", "message": "", "link": "", "iswindow": "0", "data": {}}
[2020-04-02 16:35:48,441] - logger.py] - INFO: ####################################################################################################测试结束####################################################################################################
[2020-04-02 16:35:48,511] - logger.py] - INFO: ####################################################################################################开始测试####################################################################################################
[2020-04-02 16:35:48,513] - logger.py] - INFO: 用例名字：正常登录
[2020-04-02 16:35:48,514] - logger.py] - INFO: 请求接口地址：http://10.0.0.223:8001/platform/login/guest
[2020-04-02 16:35:48,515] - logger.py] - INFO: 请求参数：{'deviceid': '987654321'}
[2020-04-02 16:35:48,516] - logger.py] - INFO: --------------------------------------------------------------------------------------------------------------------------------------------------------------------------------------------------------
[2020-04-02 16:35:48,517] - logger.py] - INFO: 期望结果：{'message': 'ok', 'status': '100'}
[2020-04-02 16:35:48,518] - logger.py] - INFO: 实际结果：{"status":"100","message":"ok","data":{"ck":"MTI1NjBmODhjODVmMzIyZjZhODRiODdjNTVjYzRiMzc4MTBjMA==","uid":"12560"}}
[2020-04-02 16:35:48,518] - logger.py] - INFO: ####################################################################################################测试结束####################################################################################################
