[2020-07-23 19:09:47,325] - logger.py] - INFO: ####################################################################################################开始测试####################################################################################################
[2020-07-23 19:09:47,326] - logger.py] - INFO: 用例名字：传入版本号为空和渠道id
[2020-07-23 19:09:47,327] - logger.py] - INFO: 请求接口地址：http://10.0.0.223:8001/api/loading/config
[2020-07-23 19:09:47,328] - logger.py] - INFO: 请求参数：{'version': '', 'channel': '10000'}
[2020-07-23 19:09:47,329] - logger.py] - INFO: --------------------------------------------------------------------------------------------------------------------------------------------------------------------------------------------------------
[2020-07-23 19:09:47,329] - logger.py] - INFO: 期望结果：{'status': '20000', 'message': 'Network error, please retry later'}
[2020-07-23 19:09:47,330] - logger.py] - INFO: 实际结果：{'status': '20000', 'message': 'Network error, please retry later', 'data': {}}
[2020-07-23 19:09:47,331] - logger.py] - INFO: ####################################################################################################测试结束####################################################################################################
[2020-07-23 19:09:47,346] - logger.py] - INFO: ####################################################################################################开始测试####################################################################################################
[2020-07-23 19:09:47,347] - logger.py] - INFO: 用例名字：传入版本号和应用宝渠道id
[2020-07-23 19:09:47,348] - logger.py] - INFO: 请求接口地址：http://10.0.0.223:8001/api/loading/config
[2020-07-23 19:09:47,349] - logger.py] - INFO: 请求参数：{'version': '1.0.4', 'channel': '10000'}
[2020-07-23 19:09:47,350] - logger.py] - INFO: --------------------------------------------------------------------------------------------------------------------------------------------------------------------------------------------------------
[2020-07-23 19:09:47,351] - logger.py] - INFO: 期望结果：{'status': '100', 'message': 'ok'}
[2020-07-23 19:09:47,352] - logger.py] - INFO: 实际结果：{'status': '100', 'message': 'ok', 'data': {'newbie_guide_cash': '0', 'loading_image': '', 'newbie_login_label': '', 'token': {'key': '25CAB08ED0A4ACC96D41908BD0086CCF', 'ttl': '86400', 'secret': 'F4CD58C6BC2FE84F037844B7701A6223', 'type': 'DT1'}, 'issue_audit': '0', 'loading_image_jump': '', 'login': 'on', 'login_desc': '', 'newbie_draw': '18.3', 'guest_login': 'off'}}
[2020-07-23 19:09:47,353] - logger.py] - INFO: ####################################################################################################测试结束####################################################################################################
[2020-07-23 19:09:47,366] - logger.py] - INFO: ####################################################################################################开始测试####################################################################################################
[2020-07-23 19:09:47,367] - logger.py] - INFO: 用例名字：传入版本号和渠道id为空
[2020-07-23 19:09:47,368] - logger.py] - INFO: 请求接口地址：http://10.0.0.223:8001/api/loading/config
[2020-07-23 19:09:47,369] - logger.py] - INFO: 请求参数：{'version': '1.0.4', 'channel': ''}
[2020-07-23 19:09:47,370] - logger.py] - INFO: --------------------------------------------------------------------------------------------------------------------------------------------------------------------------------------------------------
[2020-07-23 19:09:47,371] - logger.py] - INFO: 期望结果：{'status': '20000', 'message': 'Network error, please retry later'}
[2020-07-23 19:09:47,372] - logger.py] - INFO: 实际结果：{'status': '20000', 'message': 'Network error, please retry later', 'data': {}}
[2020-07-23 19:09:47,373] - logger.py] - INFO: ####################################################################################################测试结束####################################################################################################
[2020-07-23 19:09:47,385] - logger.py] - INFO: ####################################################################################################开始测试####################################################################################################
[2020-07-23 19:09:47,386] - logger.py] - INFO: 用例名字：传入正确ck和提款金额，余额不足
[2020-07-23 19:09:47,387] - logger.py] - INFO: 请求接口地址：http://10.0.0.223:8001/api/draw_money/draw_money
[2020-07-23 19:09:47,388] - logger.py] - INFO: 请求参数：{'money': '200', 'ck': 'MTI4MDU1Y2QxMWJkNTFlYWYwNjNmODg4YWZiZDliYjg0NGRiNg=='}
[2020-07-23 19:09:47,389] - logger.py] - INFO: --------------------------------------------------------------------------------------------------------------------------------------------------------------------------------------------------------
[2020-07-23 19:09:47,390] - logger.py] - INFO: 期望结果：{'status': '178', 'message': '余额不足'}
[2020-07-23 19:09:47,391] - logger.py] - INFO: 实际结果：{'status': '102', 'message': '请登录', 'data': {}}
[2020-07-23 19:09:47,392] - logger.py] - INFO: ####################################################################################################测试结束####################################################################################################
[2020-07-23 19:09:47,411] - logger.py] - INFO: ####################################################################################################开始测试####################################################################################################
[2020-07-23 19:09:47,412] - logger.py] - INFO: 用例名字：传入正确ck和提款金额，提款成功
[2020-07-23 19:09:47,412] - logger.py] - INFO: 请求接口地址：http://10.0.0.223:8001/api/draw_money/draw_money
[2020-07-23 19:09:47,413] - logger.py] - INFO: 请求参数：{'money': '0.5', 'ck': 'MTI4MDU1Y2QxMWJkNTFlYWYwNjNmODg4YWZiZDliYjg0NGRiNg=='}
[2020-07-23 19:09:47,414] - logger.py] - INFO: --------------------------------------------------------------------------------------------------------------------------------------------------------------------------------------------------------
[2020-07-23 19:09:47,415] - logger.py] - INFO: 期望结果：{'status': '100', 'message': 'ok'}
[2020-07-23 19:09:47,415] - logger.py] - INFO: 实际结果：{'status': '102', 'message': '请登录', 'data': {}}
[2020-07-23 19:09:47,416] - logger.py] - INFO: ####################################################################################################测试结束####################################################################################################
[2020-07-23 19:09:47,429] - logger.py] - INFO: ####################################################################################################开始测试####################################################################################################
[2020-07-23 19:09:47,430] - logger.py] - INFO: 用例名字：传入ck为空和提款金额
[2020-07-23 19:09:47,430] - logger.py] - INFO: 请求接口地址：http://10.0.0.223:8001/api/draw_money/draw_money
[2020-07-23 19:09:47,431] - logger.py] - INFO: 请求参数：{'money': '50', 'ck': ''}
[2020-07-23 19:09:47,432] - logger.py] - INFO: --------------------------------------------------------------------------------------------------------------------------------------------------------------------------------------------------------
[2020-07-23 19:09:47,433] - logger.py] - INFO: 期望结果：{'status': '102', 'message': '请登录'}
[2020-07-23 19:09:47,434] - logger.py] - INFO: 实际结果：{'status': '102', 'message': '请登录', 'data': {}}
[2020-07-23 19:09:47,434] - logger.py] - INFO: ####################################################################################################测试结束####################################################################################################
[2020-07-23 19:09:47,446] - logger.py] - INFO: ####################################################################################################开始测试####################################################################################################
[2020-07-23 19:09:47,447] - logger.py] - INFO: 用例名字：传入不存在的ck和提款金额
[2020-07-23 19:09:47,448] - logger.py] - INFO: 请求接口地址：http://10.0.0.223:8001/api/draw_money/draw_money
[2020-07-23 19:09:47,448] - logger.py] - INFO: 请求参数：{'money': '50', 'ck': 'MTI4MDU1Y2QxMWJkNTFlYWYwNjNmODg4YWZiZDliYjg0NGRiNg'}
[2020-07-23 19:09:47,449] - logger.py] - INFO: --------------------------------------------------------------------------------------------------------------------------------------------------------------------------------------------------------
[2020-07-23 19:09:47,450] - logger.py] - INFO: 期望结果：{'status': '102', 'message': '请登录'}
[2020-07-23 19:09:47,451] - logger.py] - INFO: 实际结果：{'status': '102', 'message': '请登录', 'data': {}}
[2020-07-23 19:09:47,451] - logger.py] - INFO: ####################################################################################################测试结束####################################################################################################
[2020-07-23 19:09:47,464] - logger.py] - INFO: ####################################################################################################开始测试####################################################################################################
[2020-07-23 19:09:47,465] - logger.py] - INFO: 用例名字：传入正确ck和提款金额为空
[2020-07-23 19:09:47,466] - logger.py] - INFO: 请求接口地址：http://10.0.0.223:8001/api/draw_money/draw_money
[2020-07-23 19:09:47,467] - logger.py] - INFO: 请求参数：{'money': '', 'ck': 'MTI4MDU1Y2QxMWJkNTFlYWYwNjNmODg4YWZiZDliYjg0NGRiNg=='}
[2020-07-23 19:09:47,467] - logger.py] - INFO: --------------------------------------------------------------------------------------------------------------------------------------------------------------------------------------------------------
[2020-07-23 19:09:47,468] - logger.py] - INFO: 期望结果：{'status': '99', 'message': 'System is overloaded, please take a break and retry later'}
[2020-07-23 19:09:47,469] - logger.py] - INFO: 实际结果：{'status': '102', 'message': '请登录', 'data': {}}
[2020-07-23 19:09:47,470] - logger.py] - INFO: ####################################################################################################测试结束####################################################################################################
[2020-07-23 19:09:47,482] - logger.py] - INFO: ####################################################################################################开始测试####################################################################################################
[2020-07-23 19:09:47,483] - logger.py] - INFO: 用例名字：传入正确ck
[2020-07-23 19:09:47,485] - logger.py] - INFO: 请求接口地址：http://10.0.0.223:8001/api/draw_money/record
[2020-07-23 19:09:47,486] - logger.py] - INFO: 请求参数：{'ck': 'MTI4MDU1Y2QxMWJkNTFlYWYwNjNmODg4YWZiZDliYjg0NGRiNg=='}
[2020-07-23 19:09:47,490] - logger.py] - INFO: --------------------------------------------------------------------------------------------------------------------------------------------------------------------------------------------------------
[2020-07-23 19:09:47,491] - logger.py] - INFO: 期望结果：{'status': '100', 'message': 'ok'}
[2020-07-23 19:09:47,492] - logger.py] - INFO: 实际结果：{'status': '102', 'message': '请登录', 'data': {}}
[2020-07-23 19:09:47,492] - logger.py] - INFO: ####################################################################################################测试结束####################################################################################################
[2020-07-23 19:09:47,511] - logger.py] - INFO: ####################################################################################################开始测试####################################################################################################
[2020-07-23 19:09:47,512] - logger.py] - INFO: 用例名字：传入不存在的ck
[2020-07-23 19:09:47,513] - logger.py] - INFO: 请求接口地址：http://10.0.0.223:8001/api/draw_money/record
[2020-07-23 19:09:47,514] - logger.py] - INFO: 请求参数：{'ck': 'MTI4MDU1Y2QxMWJkNTFlYWYwNjNmODg4YWZiZDliYjg0NGRiNg'}
[2020-07-23 19:09:47,515] - logger.py] - INFO: --------------------------------------------------------------------------------------------------------------------------------------------------------------------------------------------------------
[2020-07-23 19:09:47,516] - logger.py] - INFO: 期望结果：{'status': '102', 'message': '请登录'}
[2020-07-23 19:09:47,517] - logger.py] - INFO: 实际结果：{'status': '102', 'message': '请登录', 'data': {}}
[2020-07-23 19:09:47,518] - logger.py] - INFO: ####################################################################################################测试结束####################################################################################################
[2020-07-23 19:09:47,529] - logger.py] - INFO: ####################################################################################################开始测试####################################################################################################
[2020-07-23 19:09:47,530] - logger.py] - INFO: 用例名字：传入ck为空
[2020-07-23 19:09:47,532] - logger.py] - INFO: 请求接口地址：http://10.0.0.223:8001/api/draw_money/record
[2020-07-23 19:09:47,534] - logger.py] - INFO: 请求参数：{'ck': ''}
[2020-07-23 19:09:47,535] - logger.py] - INFO: --------------------------------------------------------------------------------------------------------------------------------------------------------------------------------------------------------
[2020-07-23 19:09:47,535] - logger.py] - INFO: 期望结果：{'status': '102', 'message': '请登录'}
[2020-07-23 19:09:47,536] - logger.py] - INFO: 实际结果：{'status': '102', 'message': '请登录', 'data': {}}
[2020-07-23 19:09:47,537] - logger.py] - INFO: ####################################################################################################测试结束####################################################################################################
[2020-07-23 19:09:47,551] - logger.py] - INFO: ####################################################################################################开始测试####################################################################################################
[2020-07-23 19:09:47,552] - logger.py] - INFO: 用例名字：传入正确的ck
[2020-07-23 19:09:47,553] - logger.py] - INFO: 请求接口地址：http://10.0.0.223:8001/api/draw_money/homepage
[2020-07-23 19:09:47,554] - logger.py] - INFO: 请求参数：{'ck': 'MTI4MDU1Y2QxMWJkNTFlYWYwNjNmODg4YWZiZDliYjg0NGRiNg=='}
[2020-07-23 19:09:47,555] - logger.py] - INFO: --------------------------------------------------------------------------------------------------------------------------------------------------------------------------------------------------------
[2020-07-23 19:09:47,555] - logger.py] - INFO: 期望结果：{'status': '100', 'message': 'ok'}
[2020-07-23 19:09:47,556] - logger.py] - INFO: 实际结果：{'status': '102', 'message': '请登录', 'data': {}}
[2020-07-23 19:09:47,557] - logger.py] - INFO: ####################################################################################################测试结束####################################################################################################
[2020-07-23 19:09:47,577] - logger.py] - INFO: ####################################################################################################开始测试####################################################################################################
[2020-07-23 19:09:47,578] - logger.py] - INFO: 用例名字：传入不存在的ck
[2020-07-23 19:09:47,578] - logger.py] - INFO: 请求接口地址：http://10.0.0.223:8001/api/draw_money/homepage
[2020-07-23 19:09:47,579] - logger.py] - INFO: 请求参数：{'ck': 'MTI4MDU1Y2QxMWJkNTFlYWYwNjNmODg4YWZiZDliYjg0NGRiNg'}
[2020-07-23 19:09:47,579] - logger.py] - INFO: --------------------------------------------------------------------------------------------------------------------------------------------------------------------------------------------------------
[2020-07-23 19:09:47,580] - logger.py] - INFO: 期望结果：{'status': '102', 'message': '请登录'}
[2020-07-23 19:09:47,580] - logger.py] - INFO: 实际结果：{'status': '102', 'message': '请登录', 'data': {}}
[2020-07-23 19:09:47,581] - logger.py] - INFO: ####################################################################################################测试结束####################################################################################################
[2020-07-23 19:09:47,592] - logger.py] - INFO: ####################################################################################################开始测试####################################################################################################
[2020-07-23 19:09:47,592] - logger.py] - INFO: 用例名字：传入ck为空
[2020-07-23 19:09:47,593] - logger.py] - INFO: 请求接口地址：http://10.0.0.223:8001/api/draw_money/homepage
[2020-07-23 19:09:47,594] - logger.py] - INFO: 请求参数：{'ck': ''}
[2020-07-23 19:09:47,595] - logger.py] - INFO: --------------------------------------------------------------------------------------------------------------------------------------------------------------------------------------------------------
[2020-07-23 19:09:47,596] - logger.py] - INFO: 期望结果：{'status': '102', 'message': '请登录'}
[2020-07-23 19:09:47,596] - logger.py] - INFO: 实际结果：{'status': '102', 'message': '请登录', 'data': {}}
[2020-07-23 19:09:47,597] - logger.py] - INFO: ####################################################################################################测试结束####################################################################################################
[2020-07-23 19:09:47,609] - logger.py] - INFO: ####################################################################################################开始测试####################################################################################################
[2020-07-23 19:09:47,609] - logger.py] - INFO: 用例名字：传入正确ck和日期
[2020-07-23 19:09:47,610] - logger.py] - INFO: 请求接口地址：http://10.0.0.223:8001/api/signin/signin
[2020-07-23 19:09:47,611] - logger.py] - INFO: 请求参数：{'ck': 'MTI4MDU1Y2QxMWJkNTFlYWYwNjNmODg4YWZiZDliYjg0NGRiNg==', 'day': '20200623'}
[2020-07-23 19:09:47,611] - logger.py] - INFO: --------------------------------------------------------------------------------------------------------------------------------------------------------------------------------------------------------
[2020-07-23 19:09:47,612] - logger.py] - INFO: 期望结果：{'status': '100', 'message': 'ok'}
[2020-07-23 19:09:47,612] - logger.py] - INFO: 实际结果：{'status': '102', 'message': '请登录', 'data': {}}
[2020-07-23 19:09:47,613] - logger.py] - INFO: ####################################################################################################测试结束####################################################################################################
[2020-07-23 19:09:47,624] - logger.py] - INFO: ####################################################################################################开始测试####################################################################################################
[2020-07-23 19:09:47,624] - logger.py] - INFO: 用例名字：传入正确ck和日期为空
[2020-07-23 19:09:47,625] - logger.py] - INFO: 请求接口地址：http://10.0.0.223:8001/api/signin/signin
[2020-07-23 19:09:47,625] - logger.py] - INFO: 请求参数：{'ck': 'MTI4MDU1Y2QxMWJkNTFlYWYwNjNmODg4YWZiZDliYjg0NGRiNg==', 'day': ''}
[2020-07-23 19:09:47,626] - logger.py] - INFO: --------------------------------------------------------------------------------------------------------------------------------------------------------------------------------------------------------
[2020-07-23 19:09:47,626] - logger.py] - INFO: 期望结果：{'status': '99', 'message': 'System is overloaded, please take a break and retry later'}
[2020-07-23 19:09:47,627] - logger.py] - INFO: 实际结果：{'status': '102', 'message': '请登录', 'data': {}}
[2020-07-23 19:09:47,627] - logger.py] - INFO: ####################################################################################################测试结束####################################################################################################
[2020-07-23 19:09:47,638] - logger.py] - INFO: ####################################################################################################开始测试####################################################################################################
[2020-07-23 19:09:47,638] - logger.py] - INFO: 用例名字：传入不存在的ck和日期
[2020-07-23 19:09:47,639] - logger.py] - INFO: 请求接口地址：http://10.0.0.223:8001/api/signin/signin
[2020-07-23 19:09:47,639] - logger.py] - INFO: 请求参数：{'ck': 'MTI4MDU1Y2QxMWJkNTFlYWYwNjNmODg4YWZiZDliYjg0NGRiNg', 'day': '20200623'}
[2020-07-23 19:09:47,640] - logger.py] - INFO: --------------------------------------------------------------------------------------------------------------------------------------------------------------------------------------------------------
[2020-07-23 19:09:47,640] - logger.py] - INFO: 期望结果：{'status': '102', 'message': '请登录'}
[2020-07-23 19:09:47,641] - logger.py] - INFO: 实际结果：{'status': '102', 'message': '请登录', 'data': {}}
[2020-07-23 19:09:47,641] - logger.py] - INFO: ####################################################################################################测试结束####################################################################################################
[2020-07-23 19:09:47,652] - logger.py] - INFO: ####################################################################################################开始测试####################################################################################################
[2020-07-23 19:09:47,653] - logger.py] - INFO: 用例名字：传入ck为空和日期
[2020-07-23 19:09:47,653] - logger.py] - INFO: 请求接口地址：http://10.0.0.223:8001/api/signin/signin
[2020-07-23 19:09:47,654] - logger.py] - INFO: 请求参数：{'ck': '', 'day': '20200623'}
[2020-07-23 19:09:47,654] - logger.py] - INFO: --------------------------------------------------------------------------------------------------------------------------------------------------------------------------------------------------------
[2020-07-23 19:09:47,655] - logger.py] - INFO: 期望结果：{'status': '102', 'message': '请登录'}
[2020-07-23 19:09:47,656] - logger.py] - INFO: 实际结果：{'status': '102', 'message': '请登录', 'data': {}}
[2020-07-23 19:09:47,656] - logger.py] - INFO: ####################################################################################################测试结束####################################################################################################
[2020-07-23 19:09:47,668] - logger.py] - INFO: ####################################################################################################开始测试####################################################################################################
[2020-07-23 19:09:47,668] - logger.py] - INFO: 用例名字：传入正确ck
[2020-07-23 19:09:47,669] - logger.py] - INFO: 请求接口地址：http://10.0.0.223:8001/api/signin/homepage
[2020-07-23 19:09:47,670] - logger.py] - INFO: 请求参数：{'ck': 'MTI4MDU1Y2QxMWJkNTFlYWYwNjNmODg4YWZiZDliYjg0NGRiNg=='}
[2020-07-23 19:09:47,670] - logger.py] - INFO: --------------------------------------------------------------------------------------------------------------------------------------------------------------------------------------------------------
[2020-07-23 19:09:47,670] - logger.py] - INFO: 期望结果：{'status': '100', 'message': 'ok'}
[2020-07-23 19:09:47,671] - logger.py] - INFO: 实际结果：{'status': '102', 'message': '请登录', 'data': {}}
[2020-07-23 19:09:47,671] - logger.py] - INFO: ####################################################################################################测试结束####################################################################################################
[2020-07-23 19:09:47,683] - logger.py] - INFO: ####################################################################################################开始测试####################################################################################################
[2020-07-23 19:09:47,684] - logger.py] - INFO: 用例名字：传入不存在的ck
[2020-07-23 19:09:47,684] - logger.py] - INFO: 请求接口地址：http://10.0.0.223:8001/api/signin/homepage
[2020-07-23 19:09:47,685] - logger.py] - INFO: 请求参数：{'ck': 'MTI4MDU1Y2QxMWJkNTFlYWYwNjNmODg4YWZiZDliYjg0NGRiNg'}
[2020-07-23 19:09:47,685] - logger.py] - INFO: --------------------------------------------------------------------------------------------------------------------------------------------------------------------------------------------------------
[2020-07-23 19:09:47,686] - logger.py] - INFO: 期望结果：{'status': '102', 'message': '请登录'}
[2020-07-23 19:09:47,686] - logger.py] - INFO: 实际结果：{'status': '102', 'message': '请登录', 'data': {}}
[2020-07-23 19:09:47,687] - logger.py] - INFO: ####################################################################################################测试结束####################################################################################################
[2020-07-23 19:09:47,697] - logger.py] - INFO: ####################################################################################################开始测试####################################################################################################
[2020-07-23 19:09:47,700] - logger.py] - INFO: 用例名字：传入ck为空
[2020-07-23 19:09:47,700] - logger.py] - INFO: 请求接口地址：http://10.0.0.223:8001/api/signin/homepage
[2020-07-23 19:09:47,701] - logger.py] - INFO: 请求参数：{'ck': ''}
[2020-07-23 19:09:47,701] - logger.py] - INFO: --------------------------------------------------------------------------------------------------------------------------------------------------------------------------------------------------------
[2020-07-23 19:09:47,702] - logger.py] - INFO: 期望结果：{'status': '102', 'message': '请登录'}
[2020-07-23 19:09:47,703] - logger.py] - INFO: 实际结果：{'status': '102', 'message': '请登录', 'data': {}}
[2020-07-23 19:09:47,703] - logger.py] - INFO: ####################################################################################################测试结束####################################################################################################
[2020-07-23 19:09:47,716] - logger.py] - INFO: ####################################################################################################开始测试####################################################################################################
[2020-07-23 19:09:47,717] - logger.py] - INFO: 用例名字：传入正确ck和40体力卡
[2020-07-23 19:09:47,718] - logger.py] - INFO: 请求接口地址：http://10.0.0.223:8001/api/scratchcard/generate
[2020-07-23 19:09:47,719] - logger.py] - INFO: 请求参数：{'ck': 'MTI4MDU1Y2QxMWJkNTFlYWYwNjNmODg4YWZiZDliYjg0NGRiNg==', 'cardid': '10002'}
[2020-07-23 19:09:47,720] - logger.py] - INFO: --------------------------------------------------------------------------------------------------------------------------------------------------------------------------------------------------------
[2020-07-23 19:09:47,720] - logger.py] - INFO: 期望结果：{'status': '100', 'message': 'ok'}
[2020-07-23 19:09:47,721] - logger.py] - INFO: 实际结果：{'status': '102', 'message': '请登录', 'data': {}}
[2020-07-23 19:09:47,722] - logger.py] - INFO: ####################################################################################################测试结束####################################################################################################
[2020-07-23 19:09:47,734] - logger.py] - INFO: ####################################################################################################开始测试####################################################################################################
[2020-07-23 19:09:47,735] - logger.py] - INFO: 用例名字：传入正确ck和卡号id为空
[2020-07-23 19:09:47,736] - logger.py] - INFO: 请求接口地址：http://10.0.0.223:8001/api/scratchcard/generate
[2020-07-23 19:09:47,736] - logger.py] - INFO: 请求参数：{'ck': 'MTI4MDU1Y2QxMWJkNTFlYWYwNjNmODg4YWZiZDliYjg0NGRiNg==', 'cardid': ''}
[2020-07-23 19:09:47,737] - logger.py] - INFO: --------------------------------------------------------------------------------------------------------------------------------------------------------------------------------------------------------
[2020-07-23 19:09:47,737] - logger.py] - INFO: 期望结果：{'status': '99', 'message': 'System is overloaded, please take a break and retry later'}
[2020-07-23 19:09:47,738] - logger.py] - INFO: 实际结果：{'status': '102', 'message': '请登录', 'data': {}}
[2020-07-23 19:09:47,738] - logger.py] - INFO: ####################################################################################################测试结束####################################################################################################
[2020-07-23 19:09:47,748] - logger.py] - INFO: ####################################################################################################开始测试####################################################################################################
[2020-07-23 19:09:47,749] - logger.py] - INFO: 用例名字：传入正确ck和40体力卡，体力不足
[2020-07-23 19:09:47,750] - logger.py] - INFO: 请求接口地址：http://10.0.0.223:8001/api/scratchcard/generate
[2020-07-23 19:09:47,751] - logger.py] - INFO: 请求参数：{'ck': 'MTI4MDU1Y2QxMWJkNTFlYWYwNjNmODg4YWZiZDliYjg0NGRiNg==', 'cardid': '10002'}
[2020-07-23 19:09:47,751] - logger.py] - INFO: --------------------------------------------------------------------------------------------------------------------------------------------------------------------------------------------------------
[2020-07-23 19:09:47,752] - logger.py] - INFO: 期望结果：{'status': '177', 'message': 'Insufficient Power'}
[2020-07-23 19:09:47,752] - logger.py] - INFO: 实际结果：{'status': '102', 'message': '请登录', 'data': {}}
[2020-07-23 19:09:47,753] - logger.py] - INFO: ####################################################################################################测试结束####################################################################################################
[2020-07-23 19:09:47,765] - logger.py] - INFO: ####################################################################################################开始测试####################################################################################################
[2020-07-23 19:09:47,766] - logger.py] - INFO: 用例名字：传入ck为空和20体力卡
[2020-07-23 19:09:47,767] - logger.py] - INFO: 请求接口地址：http://10.0.0.223:8001/api/scratchcard/generate
[2020-07-23 19:09:47,768] - logger.py] - INFO: 请求参数：{'ck': '', 'cardid': '10001'}
[2020-07-23 19:09:47,768] - logger.py] - INFO: --------------------------------------------------------------------------------------------------------------------------------------------------------------------------------------------------------
[2020-07-23 19:09:47,769] - logger.py] - INFO: 期望结果：{'status': '102', 'message': '请登录'}
[2020-07-23 19:09:47,770] - logger.py] - INFO: 实际结果：{'status': '102', 'message': '请登录', 'data': {}}
[2020-07-23 19:09:47,770] - logger.py] - INFO: ####################################################################################################测试结束####################################################################################################
[2020-07-23 19:09:47,780] - logger.py] - INFO: ####################################################################################################开始测试####################################################################################################
[2020-07-23 19:09:47,781] - logger.py] - INFO: 用例名字：传入不存在的ck和20体力卡
[2020-07-23 19:09:47,782] - logger.py] - INFO: 请求接口地址：http://10.0.0.223:8001/api/scratchcard/generate
[2020-07-23 19:09:47,782] - logger.py] - INFO: 请求参数：{'ck': 'MTI4MDU1Y2QxMWJkNTFlYWYwNjNmODg4YWZiZDliYjg0NGRiNg', 'cardid': '10001'}
[2020-07-23 19:09:47,783] - logger.py] - INFO: --------------------------------------------------------------------------------------------------------------------------------------------------------------------------------------------------------
[2020-07-23 19:09:47,784] - logger.py] - INFO: 期望结果：{'status': '102', 'message': '请登录'}
[2020-07-23 19:09:47,785] - logger.py] - INFO: 实际结果：{'status': '102', 'message': '请登录', 'data': {}}
[2020-07-23 19:09:47,785] - logger.py] - INFO: ####################################################################################################测试结束####################################################################################################
[2020-07-23 19:09:47,795] - logger.py] - INFO: ####################################################################################################开始测试####################################################################################################
[2020-07-23 19:09:47,796] - logger.py] - INFO: 用例名字：传入正确ck和20体力卡
[2020-07-23 19:09:47,796] - logger.py] - INFO: 请求接口地址：http://10.0.0.223:8001/api/scratchcard/generate
[2020-07-23 19:09:47,797] - logger.py] - INFO: 请求参数：{'ck': 'MTI4MDU1Y2QxMWJkNTFlYWYwNjNmODg4YWZiZDliYjg0NGRiNg==', 'cardid': '10001'}
[2020-07-23 19:09:47,797] - logger.py] - INFO: --------------------------------------------------------------------------------------------------------------------------------------------------------------------------------------------------------
[2020-07-23 19:09:47,798] - logger.py] - INFO: 期望结果：{'status': '100', 'message': 'ok'}
[2020-07-23 19:09:47,798] - logger.py] - INFO: 实际结果：{'status': '102', 'message': '请登录', 'data': {}}
[2020-07-23 19:09:47,799] - logger.py] - INFO: ####################################################################################################测试结束####################################################################################################
[2020-07-23 19:09:47,811] - logger.py] - INFO: ####################################################################################################开始测试####################################################################################################
[2020-07-23 19:09:47,812] - logger.py] - INFO: 用例名字：传入正确ck
[2020-07-23 19:09:47,812] - logger.py] - INFO: 请求接口地址：http://10.0.0.223:8001/api/scratchcard/open/batch
[2020-07-23 19:09:47,813] - logger.py] - INFO: 请求参数：{'ck': 'MTI4MDU1Y2QxMWJkNTFlYWYwNjNmODg4YWZiZDliYjg0NGRiNg=='}
[2020-07-23 19:09:47,813] - logger.py] - INFO: --------------------------------------------------------------------------------------------------------------------------------------------------------------------------------------------------------
[2020-07-23 19:09:47,814] - logger.py] - INFO: 期望结果：{'status': '100', 'message': 'ok'}
[2020-07-23 19:09:47,814] - logger.py] - INFO: 实际结果：{'status': '102', 'message': '请登录', 'data': {}}
[2020-07-23 19:09:47,815] - logger.py] - INFO: ####################################################################################################测试结束####################################################################################################
[2020-07-23 19:09:47,827] - logger.py] - INFO: ####################################################################################################开始测试####################################################################################################
[2020-07-23 19:09:47,827] - logger.py] - INFO: 用例名字：传入不存在的ck
[2020-07-23 19:09:47,828] - logger.py] - INFO: 请求接口地址：http://10.0.0.223:8001/api/scratchcard/open/batch
[2020-07-23 19:09:47,828] - logger.py] - INFO: 请求参数：{'ck': 'MTI4MDU1Y2QxMWJkNTFlYWYwNjNmODg4YWZiZDliYjg0NGRiNg'}
[2020-07-23 19:09:47,829] - logger.py] - INFO: --------------------------------------------------------------------------------------------------------------------------------------------------------------------------------------------------------
[2020-07-23 19:09:47,829] - logger.py] - INFO: 期望结果：{'status': '102', 'message': '请登录'}
[2020-07-23 19:09:47,830] - logger.py] - INFO: 实际结果：{'status': '102', 'message': '请登录', 'data': {}}
[2020-07-23 19:09:47,830] - logger.py] - INFO: ####################################################################################################测试结束####################################################################################################
[2020-07-23 19:09:47,840] - logger.py] - INFO: ####################################################################################################开始测试####################################################################################################
[2020-07-23 19:09:47,841] - logger.py] - INFO: 用例名字：传入ck为空
[2020-07-23 19:09:47,841] - logger.py] - INFO: 请求接口地址：http://10.0.0.223:8001/api/scratchcard/open/batch
[2020-07-23 19:09:47,842] - logger.py] - INFO: 请求参数：{'ck': ''}
[2020-07-23 19:09:47,842] - logger.py] - INFO: --------------------------------------------------------------------------------------------------------------------------------------------------------------------------------------------------------
[2020-07-23 19:09:47,843] - logger.py] - INFO: 期望结果：{'status': '102', 'message': '请登录'}
[2020-07-23 19:09:47,843] - logger.py] - INFO: 实际结果：{'status': '102', 'message': '请登录', 'data': {}}
[2020-07-23 19:09:47,844] - logger.py] - INFO: ####################################################################################################测试结束####################################################################################################
[2020-07-23 19:09:47,854] - logger.py] - INFO: ####################################################################################################开始测试####################################################################################################
[2020-07-23 19:09:47,855] - logger.py] - INFO: 用例名字：传入正确ck
[2020-07-23 19:09:47,855] - logger.py] - INFO: 请求接口地址：http://10.0.0.223:8001/api/scratchcard/home
[2020-07-23 19:09:47,856] - logger.py] - INFO: 请求参数：{'ck': 'MTI4MDU1Y2QxMWJkNTFlYWYwNjNmODg4YWZiZDliYjg0NGRiNg=='}
[2020-07-23 19:09:47,856] - logger.py] - INFO: --------------------------------------------------------------------------------------------------------------------------------------------------------------------------------------------------------
[2020-07-23 19:09:47,857] - logger.py] - INFO: 期望结果：{'status': '100', 'message': 'ok'}
[2020-07-23 19:09:47,857] - logger.py] - INFO: 实际结果：{'status': '102', 'message': '请登录', 'data': {}}
[2020-07-23 19:09:47,858] - logger.py] - INFO: ####################################################################################################测试结束####################################################################################################
[2020-07-23 19:09:47,882] - logger.py] - INFO: ####################################################################################################开始测试####################################################################################################
[2020-07-23 19:09:47,883] - logger.py] - INFO: 用例名字：传入不存在的ck
[2020-07-23 19:09:47,883] - logger.py] - INFO: 请求接口地址：http://10.0.0.223:8001/api/scratchcard/home
[2020-07-23 19:09:47,884] - logger.py] - INFO: 请求参数：{'ck': 'MTI4MDU1Y2QxMWJkNTFlYWYwNjNmODg4YWZiZDliYjg0NGRiNg'}
[2020-07-23 19:09:47,884] - logger.py] - INFO: --------------------------------------------------------------------------------------------------------------------------------------------------------------------------------------------------------
[2020-07-23 19:09:47,885] - logger.py] - INFO: 期望结果：{'status': '102', 'message': '请登录'}
[2020-07-23 19:09:47,885] - logger.py] - INFO: 实际结果：{'status': '102', 'message': '请登录', 'data': {}}
[2020-07-23 19:09:47,886] - logger.py] - INFO: ####################################################################################################测试结束####################################################################################################
[2020-07-23 19:09:47,896] - logger.py] - INFO: ####################################################################################################开始测试####################################################################################################
[2020-07-23 19:09:47,896] - logger.py] - INFO: 用例名字：传入ck为空
[2020-07-23 19:09:47,897] - logger.py] - INFO: 请求接口地址：http://10.0.0.223:8001/api/scratchcard/home
[2020-07-23 19:09:47,898] - logger.py] - INFO: 请求参数：{'ck': ''}
[2020-07-23 19:09:47,898] - logger.py] - INFO: --------------------------------------------------------------------------------------------------------------------------------------------------------------------------------------------------------
[2020-07-23 19:09:47,899] - logger.py] - INFO: 期望结果：{'status': '102', 'message': '请登录'}
[2020-07-23 19:09:47,899] - logger.py] - INFO: 实际结果：{'status': '102', 'message': '请登录', 'data': {}}
[2020-07-23 19:09:47,900] - logger.py] - INFO: ####################################################################################################测试结束####################################################################################################
