[2020-06-18 16:54:14,935] - logger.py] - INFO: ####################################################################################################开始测试####################################################################################################
[2020-06-18 16:54:14,951] - logger.py] - INFO: 用例名字：传入ck为空
[2020-06-18 16:54:14,951] - logger.py] - INFO: 请求接口地址：http://10.0.0.223:8001/api/draw_money/homepage
[2020-06-18 16:54:14,952] - logger.py] - INFO: 请求参数：{'ck': ''}
[2020-06-18 16:54:14,953] - logger.py] - INFO: --------------------------------------------------------------------------------------------------------------------------------------------------------------------------------------------------------
[2020-06-18 16:54:14,953] - logger.py] - INFO: 期望结果：{'message': '请登录', 'status': '102'}
[2020-06-18 16:54:14,954] - logger.py] - INFO: 实际结果：{'message': '请登录', 'status': '102', 'data': {}}
[2020-06-18 16:54:14,954] - logger.py] - INFO: ####################################################################################################测试结束####################################################################################################
[2020-06-18 16:54:14,983] - logger.py] - INFO: ####################################################################################################开始测试####################################################################################################
[2020-06-18 16:54:14,984] - logger.py] - INFO: 用例名字：传入正确的ck
[2020-06-18 16:54:14,984] - logger.py] - INFO: 请求接口地址：http://10.0.0.223:8001/api/draw_money/homepage
[2020-06-18 16:54:14,985] - logger.py] - INFO: 请求参数：{'ck': 'MTI4MDU0ZTlhNTIzNzFmOGM1MTljMDViYzA2YmZhMDQ1MjJlMw=='}
[2020-06-18 16:54:14,985] - logger.py] - INFO: --------------------------------------------------------------------------------------------------------------------------------------------------------------------------------------------------------
[2020-06-18 16:54:14,986] - logger.py] - INFO: 期望结果：{'message': 'ok', 'status': '100'}
[2020-06-18 16:54:14,986] - logger.py] - INFO: 实际结果：{'message': 'ok', 'status': '100', 'data': {'draw_list': [{'mark': '线下测试', 'money': '0.4'}, {'mark': '', 'money': '50.0'}, {'mark': '', 'money': '100.0'}, {'mark': '', 'money': '200.0'}, {'mark': '', 'money': '500.0'}], 'record_redot': '0', 'balance': '362.17', 'deadline': '2020年10月01日'}}
[2020-06-18 16:54:14,987] - logger.py] - INFO: ####################################################################################################测试结束####################################################################################################
[2020-06-18 16:54:15,002] - logger.py] - INFO: ####################################################################################################开始测试####################################################################################################
[2020-06-18 16:54:15,002] - logger.py] - INFO: 用例名字：传入不存在的ck
[2020-06-18 16:54:15,003] - logger.py] - INFO: 请求接口地址：http://10.0.0.223:8001/api/draw_money/homepage
[2020-06-18 16:54:15,003] - logger.py] - INFO: 请求参数：{'ck': 'MTI4MDU0ZTlhNTIzNzFmOGM1MTljMDViYzA2YmZhMDQ1MjJlMw'}
[2020-06-18 16:54:15,004] - logger.py] - INFO: --------------------------------------------------------------------------------------------------------------------------------------------------------------------------------------------------------
[2020-06-18 16:54:15,005] - logger.py] - INFO: 期望结果：{'message': '请登录', 'status': '102'}
[2020-06-18 16:54:15,005] - logger.py] - INFO: 实际结果：{'message': '请登录', 'status': '102', 'data': {}}
[2020-06-18 16:54:15,006] - logger.py] - INFO: ####################################################################################################测试结束####################################################################################################
[2020-06-18 18:23:04,895] - logger.py] - INFO: ####################################################################################################开始测试####################################################################################################
[2020-06-18 18:23:04,909] - logger.py] - INFO: 用例名字：传入正确ck和提款金额为空提款
[2020-06-18 18:23:04,909] - logger.py] - INFO: 请求接口地址：http://10.0.0.223:8001/api/draw_money/draw_money
[2020-06-18 18:23:04,910] - logger.py] - INFO: 请求参数：{'money': '', 'ck': 'MTI4MDU0ZTlhNTIzNzFmOGM1MTljMDViYzA2YmZhMDQ1MjJlMw=='}
[2020-06-18 18:23:04,911] - logger.py] - INFO: --------------------------------------------------------------------------------------------------------------------------------------------------------------------------------------------------------
[2020-06-18 18:23:04,911] - logger.py] - INFO: 期望结果：{'message': 'System is overloaded, please take a break and retry later', 'status': '99'}
[2020-06-18 18:23:04,912] - logger.py] - INFO: 实际结果：{'message': 'System is overloaded, please take a break and retry later', 'status': '99', 'data': {}}
[2020-06-18 18:23:04,912] - logger.py] - INFO: ####################################################################################################测试结束####################################################################################################
[2020-06-18 18:23:05,274] - logger.py] - INFO: ####################################################################################################开始测试####################################################################################################
[2020-06-18 18:23:05,274] - logger.py] - INFO: 用例名字：传入不存在的ck和提款金额
[2020-06-18 18:23:05,275] - logger.py] - INFO: 请求接口地址：http://10.0.0.223:8001/api/draw_money/draw_money
[2020-06-18 18:23:05,276] - logger.py] - INFO: 请求参数：{'money': '0.4', 'ck': 'MTI4MDU0ZTlhNTIzNzFmOGM1MTljMDViYzA2YmZhMDQ1MjJlMw'}
[2020-06-18 18:23:05,276] - logger.py] - INFO: --------------------------------------------------------------------------------------------------------------------------------------------------------------------------------------------------------
[2020-06-18 18:23:05,277] - logger.py] - INFO: 期望结果：{'message': '请登录', 'status': '102'}
[2020-06-18 18:23:05,277] - logger.py] - INFO: 实际结果：{'message': '请登录', 'status': '102', 'data': {}}
[2020-06-18 18:23:05,278] - logger.py] - INFO: ####################################################################################################测试结束####################################################################################################
[2020-06-18 18:28:44,759] - logger.py] - INFO: ####################################################################################################开始测试####################################################################################################
[2020-06-18 18:28:44,760] - logger.py] - INFO: 用例名字：传入ck为空和提款金额
[2020-06-18 18:28:44,760] - logger.py] - INFO: 请求接口地址：http://10.0.0.223:8001/api/draw_money/draw_money
[2020-06-18 18:28:44,761] - logger.py] - INFO: 请求参数：{'money': '0.4', 'ck': ''}
[2020-06-18 18:28:44,762] - logger.py] - INFO: --------------------------------------------------------------------------------------------------------------------------------------------------------------------------------------------------------
[2020-06-18 18:28:44,762] - logger.py] - INFO: 期望结果：{'message': '请登录', 'status': '102'}
[2020-06-18 18:28:44,763] - logger.py] - INFO: 实际结果：{'message': '请登录', 'data': {}, 'status': '102'}
[2020-06-18 18:28:44,763] - logger.py] - INFO: ####################################################################################################测试结束####################################################################################################
[2020-06-18 18:28:44,907] - logger.py] - INFO: ####################################################################################################开始测试####################################################################################################
[2020-06-18 18:28:44,908] - logger.py] - INFO: 用例名字：传入正确ck和提款金额，提款成功
[2020-06-18 18:28:44,908] - logger.py] - INFO: 请求接口地址：http://10.0.0.223:8001/api/draw_money/draw_money
[2020-06-18 18:28:44,909] - logger.py] - INFO: 请求参数：{'money': '0.4', 'ck': 'MTI4MDU0ZTlhNTIzNzFmOGM1MTljMDViYzA2YmZhMDQ1MjJlMw=='}
[2020-06-18 18:28:44,910] - logger.py] - INFO: --------------------------------------------------------------------------------------------------------------------------------------------------------------------------------------------------------
[2020-06-18 18:28:44,911] - logger.py] - INFO: 期望结果：{'message': 'ok', 'status': '100'}
[2020-06-18 18:28:44,911] - logger.py] - INFO: 实际结果：{'message': 'ok', 'data': {'msg': '发起提现成功，我们将在5个工作日内进行审核，审核通过会将奖励派送至您微信零钱中。', 'status': '1'}, 'status': '100'}
[2020-06-18 18:28:44,912] - logger.py] - INFO: ####################################################################################################测试结束####################################################################################################
[2020-06-18 18:30:37,042] - logger.py] - INFO: ####################################################################################################开始测试####################################################################################################
[2020-06-18 18:30:37,043] - logger.py] - INFO: 用例名字：传入不存在的ck和提款金额
[2020-06-18 18:30:37,043] - logger.py] - INFO: 请求接口地址：http://10.0.0.223:8001/api/draw_money/draw_money
[2020-06-18 18:30:37,044] - logger.py] - INFO: 请求参数：{'money': '0.4', 'ck': 'MTI4MDU0ZTlhNTIzNzFmOGM1MTljMDViYzA2YmZhMDQ1MjJlMw'}
[2020-06-18 18:30:37,044] - logger.py] - INFO: --------------------------------------------------------------------------------------------------------------------------------------------------------------------------------------------------------
[2020-06-18 18:30:37,045] - logger.py] - INFO: 期望结果：{'status': '102', 'message': '请登录'}
[2020-06-18 18:30:37,045] - logger.py] - INFO: 实际结果：{'status': '102', 'message': '请登录', 'data': {}}
[2020-06-18 18:30:37,046] - logger.py] - INFO: ####################################################################################################测试结束####################################################################################################
[2020-06-18 18:30:37,060] - logger.py] - INFO: ####################################################################################################开始测试####################################################################################################
[2020-06-18 18:30:37,061] - logger.py] - INFO: 用例名字：传入ck为空和提款金额
[2020-06-18 18:30:37,061] - logger.py] - INFO: 请求接口地址：http://10.0.0.223:8001/api/draw_money/draw_money
[2020-06-18 18:30:37,062] - logger.py] - INFO: 请求参数：{'money': '0.4', 'ck': ''}
[2020-06-18 18:30:37,062] - logger.py] - INFO: --------------------------------------------------------------------------------------------------------------------------------------------------------------------------------------------------------
[2020-06-18 18:30:37,063] - logger.py] - INFO: 期望结果：{'status': '102', 'message': '请登录'}
[2020-06-18 18:30:37,064] - logger.py] - INFO: 实际结果：{'status': '102', 'message': '请登录', 'data': {}}
[2020-06-18 18:30:37,064] - logger.py] - INFO: ####################################################################################################测试结束####################################################################################################
[2020-06-18 18:30:37,083] - logger.py] - INFO: ####################################################################################################开始测试####################################################################################################
[2020-06-18 18:30:37,084] - logger.py] - INFO: 用例名字：传入正确ck和提款金额为空提款
[2020-06-18 18:30:37,085] - logger.py] - INFO: 请求接口地址：http://10.0.0.223:8001/api/draw_money/draw_money
[2020-06-18 18:30:37,085] - logger.py] - INFO: 请求参数：{'money': '', 'ck': 'MTI4MDU0ZTlhNTIzNzFmOGM1MTljMDViYzA2YmZhMDQ1MjJlMw=='}
[2020-06-18 18:30:37,085] - logger.py] - INFO: --------------------------------------------------------------------------------------------------------------------------------------------------------------------------------------------------------
[2020-06-18 18:30:37,086] - logger.py] - INFO: 期望结果：{'status': '99', 'message': 'System is overloaded, please take a break and retry later'}
[2020-06-18 18:30:37,086] - logger.py] - INFO: 实际结果：{'status': '99', 'message': 'System is overloaded, please take a break and retry later', 'data': {}}
[2020-06-18 18:30:37,087] - logger.py] - INFO: ####################################################################################################测试结束####################################################################################################
[2020-06-18 18:34:07,074] - logger.py] - INFO: ####################################################################################################开始测试####################################################################################################
[2020-06-18 18:34:07,075] - logger.py] - INFO: 用例名字：传入正确ck和提款金额，提款成功
[2020-06-18 18:34:07,075] - logger.py] - INFO: 请求接口地址：http://10.0.0.223:8001/api/draw_money/draw_money
[2020-06-18 18:34:07,076] - logger.py] - INFO: 请求参数：{'money': '0.4', 'ck': 'MTI4MDU0ZTlhNTIzNzFmOGM1MTljMDViYzA2YmZhMDQ1MjJlMw=='}
[2020-06-18 18:34:07,076] - logger.py] - INFO: --------------------------------------------------------------------------------------------------------------------------------------------------------------------------------------------------------
[2020-06-18 18:34:07,077] - logger.py] - INFO: 期望结果：{'message': 'ok', 'status': '100'}
[2020-06-18 18:34:07,077] - logger.py] - INFO: 实际结果：{'message': 'ok', 'data': {'msg': '发起提现成功，我们将在5个工作日内进行审核，审核通过会将奖励派送至您微信零钱中。', 'status': '1'}, 'status': '100'}
[2020-06-18 18:34:07,078] - logger.py] - INFO: ####################################################################################################测试结束####################################################################################################
[2020-06-18 18:34:07,093] - logger.py] - INFO: ####################################################################################################开始测试####################################################################################################
[2020-06-18 18:34:07,094] - logger.py] - INFO: 用例名字：传入ck为空和提款金额
[2020-06-18 18:34:07,094] - logger.py] - INFO: 请求接口地址：http://10.0.0.223:8001/api/draw_money/draw_money
[2020-06-18 18:34:07,095] - logger.py] - INFO: 请求参数：{'money': '0.4', 'ck': ''}
[2020-06-18 18:34:07,095] - logger.py] - INFO: --------------------------------------------------------------------------------------------------------------------------------------------------------------------------------------------------------
[2020-06-18 18:34:07,096] - logger.py] - INFO: 期望结果：{'message': '请登录', 'status': '102'}
[2020-06-18 18:34:07,096] - logger.py] - INFO: 实际结果：{'message': '请登录', 'data': {}, 'status': '102'}
[2020-06-18 18:34:07,097] - logger.py] - INFO: ####################################################################################################测试结束####################################################################################################
[2020-06-18 18:34:07,471] - logger.py] - INFO: ####################################################################################################开始测试####################################################################################################
[2020-06-18 18:34:07,472] - logger.py] - INFO: 用例名字：传入正确ck和提款金额为空
[2020-06-18 18:34:07,472] - logger.py] - INFO: 请求接口地址：http://10.0.0.223:8001/api/draw_money/draw_money
[2020-06-18 18:34:07,473] - logger.py] - INFO: 请求参数：{'money': '', 'ck': 'MTI4MDU0ZTlhNTIzNzFmOGM1MTljMDViYzA2YmZhMDQ1MjJlMw=='}
[2020-06-18 18:34:07,473] - logger.py] - INFO: --------------------------------------------------------------------------------------------------------------------------------------------------------------------------------------------------------
[2020-06-18 18:34:07,474] - logger.py] - INFO: 期望结果：{'message': 'System is overloaded, please take a break and retry later', 'status': '99'}
[2020-06-18 18:34:07,474] - logger.py] - INFO: 实际结果：{'message': 'System is overloaded, please take a break and retry later', 'data': {}, 'status': '99'}
[2020-06-18 18:34:07,475] - logger.py] - INFO: ####################################################################################################测试结束####################################################################################################
[2020-06-18 18:57:57,090] - logger.py] - INFO: ####################################################################################################开始测试####################################################################################################
[2020-06-18 18:57:57,090] - logger.py] - INFO: 用例名字：传入正确ck和提款金额为空
[2020-06-18 18:57:57,091] - logger.py] - INFO: 请求接口地址：http://10.0.0.223:8001/api/draw_money/draw_money
[2020-06-18 18:57:57,091] - logger.py] - INFO: 请求参数：{'ck': 'MTI3NjMxOWMxN2RhZjgwOWUwYzZmYTQ1NGE3MTUxMDNhZDQ1Mw==', 'money': ''}
[2020-06-18 18:57:57,092] - logger.py] - INFO: --------------------------------------------------------------------------------------------------------------------------------------------------------------------------------------------------------
[2020-06-18 18:57:57,092] - logger.py] - INFO: 期望结果：{'message': 'System is overloaded, please take a break and retry later', 'status': '99'}
[2020-06-18 18:57:57,093] - logger.py] - INFO: 实际结果：{'message': 'System is overloaded, please take a break and retry later', 'status': '99', 'data': {}}
[2020-06-18 18:57:57,093] - logger.py] - INFO: ####################################################################################################测试结束####################################################################################################
[2020-06-18 18:57:57,109] - logger.py] - INFO: ####################################################################################################开始测试####################################################################################################
[2020-06-18 18:57:57,110] - logger.py] - INFO: 用例名字：传入ck为空和提款金额
[2020-06-18 18:57:57,111] - logger.py] - INFO: 请求接口地址：http://10.0.0.223:8001/api/draw_money/draw_money
[2020-06-18 18:57:57,111] - logger.py] - INFO: 请求参数：{'ck': '', 'money': '0.4'}
[2020-06-18 18:57:57,112] - logger.py] - INFO: --------------------------------------------------------------------------------------------------------------------------------------------------------------------------------------------------------
[2020-06-18 18:57:57,112] - logger.py] - INFO: 期望结果：{'message': '请登录', 'status': '102'}
[2020-06-18 18:57:57,113] - logger.py] - INFO: 实际结果：{'message': '请登录', 'status': '102', 'data': {}}
[2020-06-18 18:57:57,125] - logger.py] - INFO: ####################################################################################################测试结束####################################################################################################
[2020-06-18 18:57:57,141] - logger.py] - INFO: ####################################################################################################开始测试####################################################################################################
[2020-06-18 18:57:57,141] - logger.py] - INFO: 用例名字：传入不存在的ck和提款金额
[2020-06-18 18:57:57,142] - logger.py] - INFO: 请求接口地址：http://10.0.0.223:8001/api/draw_money/draw_money
[2020-06-18 18:57:57,143] - logger.py] - INFO: 请求参数：{'ck': 'MTI3NjMxOWMxN2RhZjgwOWUwYzZmYTQ1NGE3MTUxMDNhZDQ1Mw', 'money': '0.4'}
[2020-06-18 18:57:57,143] - logger.py] - INFO: --------------------------------------------------------------------------------------------------------------------------------------------------------------------------------------------------------
[2020-06-18 18:57:57,144] - logger.py] - INFO: 期望结果：{'message': '请登录', 'status': '102'}
[2020-06-18 18:57:57,144] - logger.py] - INFO: 实际结果：{'message': '请登录', 'status': '102', 'data': {}}
[2020-06-18 18:57:57,145] - logger.py] - INFO: ####################################################################################################测试结束####################################################################################################
[2020-06-18 19:00:47,122] - logger.py] - INFO: ####################################################################################################开始测试####################################################################################################
[2020-06-18 19:00:47,123] - logger.py] - INFO: 用例名字：传入正确ck和提款金额为空
[2020-06-18 19:00:47,123] - logger.py] - INFO: 请求接口地址：http://10.0.0.223:8001/api/draw_money/draw_money
[2020-06-18 19:00:47,124] - logger.py] - INFO: 请求参数：{'money': '', 'ck': 'MTI4MDU0ZTlhNTIzNzFmOGM1MTljMDViYzA2YmZhMDQ1MjJlMw=='}
[2020-06-18 19:00:47,125] - logger.py] - INFO: --------------------------------------------------------------------------------------------------------------------------------------------------------------------------------------------------------
[2020-06-18 19:00:47,125] - logger.py] - INFO: 期望结果：{'message': 'System is overloaded, please take a break and retry later', 'status': '99'}
[2020-06-18 19:00:47,126] - logger.py] - INFO: 实际结果：{'message': 'System is overloaded, please take a break and retry later', 'status': '99', 'data': {}}
[2020-06-18 19:00:47,126] - logger.py] - INFO: ####################################################################################################测试结束####################################################################################################
