[2020-06-24 11:28:50,805] - logger.py] - INFO: ####################################################################################################开始测试####################################################################################################
[2020-06-24 11:28:50,806] - logger.py] - INFO: 用例名字：传入版本号为空和渠道id
[2020-06-24 11:28:50,806] - logger.py] - INFO: 请求接口地址：http://10.0.0.223:8001/api/loading/config
[2020-06-24 11:28:50,807] - logger.py] - INFO: 请求参数：{'version': '', 'channel': '10000'}
[2020-06-24 11:28:50,807] - logger.py] - INFO: --------------------------------------------------------------------------------------------------------------------------------------------------------------------------------------------------------
[2020-06-24 11:28:50,808] - logger.py] - INFO: 期望结果：{'message': 'Network error, please retry later', 'status': '20000'}
[2020-06-24 11:28:50,809] - logger.py] - INFO: 实际结果：{'message': 'Network error, please retry later', 'status': '20000', 'data': {}}
[2020-06-24 11:28:50,809] - logger.py] - INFO: ####################################################################################################测试结束####################################################################################################
[2020-06-24 11:28:50,827] - logger.py] - INFO: ####################################################################################################开始测试####################################################################################################
[2020-06-24 11:28:50,828] - logger.py] - INFO: 用例名字：传入版本号和穿山甲渠道id
[2020-06-24 11:28:50,829] - logger.py] - INFO: 请求接口地址：http://10.0.0.223:8001/api/loading/config
[2020-06-24 11:28:50,830] - logger.py] - INFO: 请求参数：{'version': '1.0.4', 'channel': '10001'}
[2020-06-24 11:28:50,831] - logger.py] - INFO: --------------------------------------------------------------------------------------------------------------------------------------------------------------------------------------------------------
[2020-06-24 11:28:50,831] - logger.py] - INFO: 期望结果：{'message': 'ok', 'status': '100'}
[2020-06-24 11:28:50,832] - logger.py] - INFO: 实际结果：{'message': 'Network error, please retry later', 'status': '20000', 'data': {}}
[2020-06-24 11:28:50,832] - logger.py] - INFO: ####################################################################################################测试结束####################################################################################################
[2020-06-24 11:28:51,050] - logger.py] - INFO: ####################################################################################################开始测试####################################################################################################
[2020-06-24 11:28:51,050] - logger.py] - INFO: 用例名字：传入版本号和渠道id为空
[2020-06-24 11:28:51,051] - logger.py] - INFO: 请求接口地址：http://10.0.0.223:8001/api/loading/config
[2020-06-24 11:28:51,051] - logger.py] - INFO: 请求参数：{'version': '1.0.4', 'channel': ''}
[2020-06-24 11:28:51,052] - logger.py] - INFO: --------------------------------------------------------------------------------------------------------------------------------------------------------------------------------------------------------
[2020-06-24 11:28:51,053] - logger.py] - INFO: 期望结果：{'message': 'Network error, please retry later', 'status': '20000'}
[2020-06-24 11:28:51,053] - logger.py] - INFO: 实际结果：{'message': 'Network error, please retry later', 'status': '20000', 'data': {}}
[2020-06-24 11:28:51,054] - logger.py] - INFO: ####################################################################################################测试结束####################################################################################################
[2020-06-24 11:28:51,070] - logger.py] - INFO: ####################################################################################################开始测试####################################################################################################
[2020-06-24 11:28:51,071] - logger.py] - INFO: 用例名字：传入版本号和应用宝渠道id
[2020-06-24 11:28:51,072] - logger.py] - INFO: 请求接口地址：http://10.0.0.223:8001/api/loading/config
[2020-06-24 11:28:51,073] - logger.py] - INFO: 请求参数：{'version': '1.0.4', 'channel': '10000'}
[2020-06-24 11:28:51,074] - logger.py] - INFO: --------------------------------------------------------------------------------------------------------------------------------------------------------------------------------------------------------
[2020-06-24 11:28:51,074] - logger.py] - INFO: 期望结果：{'message': 'ok', 'status': '100'}
[2020-06-24 11:28:51,075] - logger.py] - INFO: 实际结果：{'message': 'ok', 'status': '100', 'data': {'login': 'on', 'login_desc': '', 'token': {'key': '8C3DE30A009A9744919EDA2609CBE275', 'secret': '2DF77E9559E7544EC97A411E41181B00', 'type': 'DT1', 'ttl': '86400'}, 'loading_image_jump': '', 'loading_image': '', 'guest_login': 'off', 'newbie_login_label': ''}}
[2020-06-24 11:28:51,075] - logger.py] - INFO: ####################################################################################################测试结束####################################################################################################
